INFO: localdir at /scratch/154145.crottondi
INFO: your job will run on local system.
/home/crottondi/PIRISI_TESI/MSD_Environment/SBATCH_SCRIPTS/4_TO_PKLS
62442939
                   ARZUWUC1187FB54557  ... ARDMEMA1187B9AAB7B
ARZUWUC1187FB54557                NaN  ...           9.721116
ARJNIUY12298900C91          35.052423  ...          10.479364
AR73AIO1187B9AD57B          44.428815  ...          11.577849
ARD7TVE1187B99BFB1          84.007582  ...          10.266375
ARL752Q1187FB35EFE          58.266745  ...          10.743516

[5 rows x 43273 columns]
62442939
                   ARZUWUC1187FB54557  ... ARDMEMA1187B9AAB7B
ARFVOGD1187B98FA8D          21.037537  ...          10.673094
AR4PL0K1187FB402F9          20.348806  ...          10.057733
AREHMUC1187B98B91B          74.870642  ...          10.135998
ARL0TQH1187B99AFB3          44.201206  ...          14.174098
ARR2AMT1187B98F483          12.186893  ...          11.168326

[5 rows x 43273 columns]
62442939
                   ARZUWUC1187FB54557  ... ARDMEMA1187B9AAB7B
ARSVRVA1187B99228A          89.050054  ...          10.378177
AR1GNFR1187B9AD1FD          103.59337  ...          10.686713
ARZU9NI1187B9AEE08          53.065326  ...          10.881125
AR22KLC1187B98E812         127.760666  ...          10.272378
ARJ3EZD1187FB3C04F          72.094079  ...          10.917198

[5 rows x 43273 columns]
62442939
                   ARZUWUC1187FB54557  ... ARDMEMA1187B9AAB7B
ARDUTIV1187FB459FA          32.926693  ...          16.546718
ART0AMH1187B990A30           33.08656  ...          11.079339
ARNDELJ12420781227          15.397272  ...           10.51189
ARZVBBM1241B9CB622          47.677821  ...           9.923281
ARCEIRZ1187B9B532F          48.006529  ...          11.581216

[5 rows x 43273 columns]
62442939
                   ARZUWUC1187FB54557  ... ARDMEMA1187B9AAB7B
ARMS69O1187B9AEB9E          71.292442  ...          10.380951
ARYB9BP1187FB522D4          10.739192  ...          10.908327
AR7ZNX41187FB4B425          19.318187  ...           9.992525
AR6CKW31187B9B3D69         190.316374  ...          11.496987
ARUI7TW1187B990238         121.247901  ...          10.423897

[5 rows x 43273 columns]
62442939
                   ARZUWUC1187FB54557  ... ARDMEMA1187B9AAB7B
AR7ZRPS1187B9B5D7F          54.934608  ...          10.445044
ARIB59P1187B988C35           86.18638  ...          11.313466
ARBE6OJ1187B9985F5           9.650507  ...          13.331176
ARLV8S31187B988B71          69.715163  ...          12.702632
ARYKBVK1187FB3B523          66.909812  ...           9.863993

[5 rows x 43273 columns]
62442939
                   ARZUWUC1187FB54557  ... ARDMEMA1187B9AAB7B
ARGIMFI1241B9CC975          38.689735  ...           9.752728
ARSFBWG1269FB3389A           7.649625  ...          12.708367
ARQ4O941187B9AA6D4          83.028417  ...          10.389795
ARVZHQA1187B9BA165          88.295134  ...           9.881925
ARS4SR51187FB4CF25          18.830869  ...           10.57756

[5 rows x 43273 columns]
62442939
                   ARZUWUC1187FB54557  ... ARDMEMA1187B9AAB7B
ARTKVEO1187FB3A8ED           25.69403  ...          12.087803
AR9FI2T1187FB37E83          135.67174  ...          10.177102
ARAYMO31187FB467AB          62.075565  ...           9.925805
ARAKCSC1187B996A7B           9.844995  ...          11.642837
ARQPN0R1187FB52901          14.335629  ...          16.320251

[5 rows x 43273 columns]
62442939
                   ARZUWUC1187FB54557  ... ARDMEMA1187B9AAB7B
ARL1KQF1187FB3A586          67.610988  ...           9.481548
ARAKS681187FB4CB62           11.68648  ...           9.314003
ARYH71X1187FB3E68C          50.201353  ...          10.450473
ARB9QZ51187B9A88A8          42.509017  ...           10.12045
ARLAUED1187B9ACEAF          95.073949  ...          10.304055

[5 rows x 43273 columns]
62442939
                   ARZUWUC1187FB54557  ... ARDMEMA1187B9AAB7B
AR07VS41187FB37944          37.376155  ...          11.339156
ARCHO4C1187FB4E048          62.032608  ...          10.171269
AR0TB7Z1187B9B8769          43.175054  ...          12.522707
AREUT2Z1187B9AD04F          17.464895  ...           9.549166
ARRXNGN124207835CB          40.942282  ...          12.748566

[5 rows x 43273 columns]
62442939
                   ARZUWUC1187FB54557  ... ARDMEMA1187B9AAB7B
ARJNUCV1187FB4CEB6          21.781286  ...          16.368871
ARHQJJO1187B9A7DE4           9.099035  ...          10.031684
AR29WTX1187FB56F02          10.519832  ...           8.062258
AREP80C1187B99E93A          31.579394  ...          10.815073
AR0BATO119B34038DB           8.455369  ...          15.213156

[5 rows x 43273 columns]
62442939
                   ARZUWUC1187FB54557  ... ARDMEMA1187B9AAB7B
ARVBSHA1187B9B75AA          35.540628  ...          13.031793
ARUDSAW11F4C8413EC          18.811854  ...          11.410331
AREPV2D1187FB5C1A1          30.333814  ...          10.575456
ARSJ46X1187FB4A62A            9.23915  ...           9.950495
ARLT9QW1187B99AA6D          19.594848  ...           9.425334

[5 rows x 43273 columns]
62399666
                   ARZUWUC1187FB54557  ... ARDMEMA1187B9AAB7B
ARILU7Z1187B999204          23.835367  ...           9.715544
ARQFYZH126E2B3F047          11.125339  ...          10.418351
ARXJKGJ1187FB46F0B          32.077019  ...          10.276895
ARTK0PR1187FB45D28          12.320697  ...           8.062258
AR57LEA1187B9AD137          92.941805  ...          10.768473

[5 rows x 43273 columns]
62399666
                   ARZUWUC1187FB54557  ... ARDMEMA1187B9AAB7B
ARHTP2H1187B9A9A7F          21.655544  ...          10.631627
AR2NS5Y1187FB5879D          27.637374  ...          13.335726
AR07QYZ1187FB5BF78          54.884088  ...          10.289806
ARBYTEZ1187FB42EC2          23.192905  ...          14.980627
ARNCWVL1187FB5773A          63.478278  ...          11.959894

[5 rows x 43273 columns]
62399666
                   ARZUWUC1187FB54557  ... ARDMEMA1187B9AAB7B
ARCQ6BY1187B9AED89           8.062327  ...           8.373867
ARWE41Y119B3402DF1          24.690693  ...           9.987242
ARS8RW51187FB4B62D          30.952226  ...           9.880486
ARHJHO71187FB37F4A          47.017149  ...          10.206057
ARTTBQF11E2835CEA6          28.175512  ...          10.386504

[5 rows x 43273 columns]
62399666
                   ARZUWUC1187FB54557  ... ARDMEMA1187B9AAB7B
AR37K6O1187B9AD049         113.895306  ...          10.170463
AR8C9ZX1187B9975DE          50.465578  ...          12.672068
ARI0XA21187B9B26FC           9.315839  ...           9.953428
ARKDVBP1187B991607          12.263055  ...           8.956058
AROBSHL1187B9AFB01         101.102296  ...          11.262331

[5 rows x 43273 columns]
62399666
                   ARZUWUC1187FB54557  ... ARDMEMA1187B9AAB7B
AR5UFXS1187B9A79A2          40.060487  ...          15.709379
ARS05MC1187B98AFA5          37.309351  ...           9.948597
ARLXMEV11F50C4A80F          14.710593  ...          15.372835
ARX428B1187B9A2770           6.574442  ...           9.300974
AREJX801187FB39A20           13.30687  ...          10.137099

[5 rows x 43273 columns]
62399666
                   ARZUWUC1187FB54557  ... ARDMEMA1187B9AAB7B
ARJCLEO121318C5A3A          19.114957  ...          10.297142
AR3FIT31187FB41A7D           7.640424  ...          15.825744
AR4N38P1187FB3AE9F          60.514141  ...          10.198341
ARECICG1264D134BCF          10.765002  ...            7.81025
AR0YME61187FB3B544          42.970284  ...           9.970101

[5 rows x 43273 columns]
62399666
                   ARZUWUC1187FB54557  ... ARDMEMA1187B9AAB7B
ARMJY181187FB55038          35.993592  ...          11.202027
AREGHAA1187FB3C929           38.26005  ...           9.653887
ARYVQIA11F4C840838           9.745388  ...          22.912878
AR5U53D1187FB37654           52.93086  ...           9.968082
ARKKQSE1187B993714          44.171074  ...          11.021854

[5 rows x 43273 columns]
62399666
                   ARZUWUC1187FB54557  ... ARDMEMA1187B9AAB7B
ARPUZ9M1187B9936FA          40.227622  ...          10.367902
ARZRCNY12802FDE631           14.73833  ...           14.27728
ARGU8V31187B98D7A2           22.37684  ...          15.077617
ARESPPX1242077EDA7          16.680821  ...           9.602794
AR6COY21187B9A1575          39.285455  ...          10.307045

[5 rows x 43273 columns]
62399666
                   ARZUWUC1187FB54557  ... ARDMEMA1187B9AAB7B
ARGOWN31187B9B8822          11.116788  ...           8.602325
AR63AHH1187FB484B7          41.255929  ...          17.814346
AR9U09L1187B9B2ED4           21.10461  ...           9.620155
ARC1BI41187B989603          30.099254  ...          10.722712
ARKQSIC1242077FF7E            8.95445  ...           7.514408

[5 rows x 43273 columns]
62399666
                   ARZUWUC1187FB54557  ... ARDMEMA1187B9AAB7B
ARDGMUZ1269FB3594C          30.710918  ...          11.844289
ARCVHVL1187B996A2A           7.030779  ...           8.924171
ARUE5LZ1187B9AC8E5          23.860527  ...          10.100395
ARQUN2U1187B9A6109           9.739609  ...           2.236068
ARTD7MO1187B98E2EE           9.530264  ...                3.0

[5 rows x 43273 columns]
62399666
                   ARZUWUC1187FB54557  ... ARDMEMA1187B9AAB7B
ARIFLKL12420783B92          17.665514  ...          15.927357
ARPBN5Q1187B992E47          12.177449  ...          12.447567
ARR0M3Y1187FB36F0E           7.392825  ...           8.794355
ART9KNT1187FB496F6           9.211264  ...          17.508718
ARQACHG122ECCB96F0           8.216558  ...           9.281932

[5 rows x 43273 columns]
62399666
                   ARZUWUC1187FB54557  ... ARDMEMA1187B9AAB7B
ARO4HGG1187FB5ABD5          10.327817  ...                5.0
AR31MG41187FB4DE1F          14.029357  ...          11.137619
ARGCKNS12420783762           6.386233  ...           9.242433
ARH49YR1187B9B2F48          13.689429  ...           9.945301
ARXUTAT1187FB37963          18.263545  ...           9.896256

[5 rows x 43273 columns]
62399666
                   ARZUWUC1187FB54557  ... ARDMEMA1187B9AAB7B
ARSOXBX122BCFCC648          16.352636  ...           9.731544
ARJP7YH1187FB54755           7.745492  ...          14.036139
AR0YTPO11C8A42122C          10.637142  ...          11.401754
ARXLCDE12509411F24          11.411821  ...           8.685113
ARMZVMR1187B9A57B1           7.964098  ...          10.375418

[5 rows x 43273 columns]
62399666
                   ARZUWUC1187FB54557  ... ARDMEMA1187B9AAB7B
ARDWCSV122ECCBDDCA          11.520332  ...            7.28011
ARREA141187FB56216           7.624576  ...          10.654162
ARKRVGA122BCFC92B9          16.901444  ...          10.433265
AR9DTNK1187FB3B56A           9.957043  ...           6.082763
ARC5IY21187FB52A3B          21.484304  ...           11.09262

[5 rows x 43273 columns]
62399666
                   ARZUWUC1187FB54557  ... ARDMEMA1187B9AAB7B
ARS8ML21187B989803          10.135998  ...            5.09902
ARMOYCU1187FB3F376          30.783561  ...           10.57756
ARX5Q601187B992FDF          14.130554  ...          11.869559
ARS6TEO1187B989C65          13.441117  ...           9.987203
ARM5ZFD1187B996743          10.805007  ...           7.071068

[5 rows x 43273 columns]
62399666
                   ARZUWUC1187FB54557  ... ARDMEMA1187B9AAB7B
ARRETRA123E29C148D          11.116788  ...           8.602325
ARPEYCW11F50C5169B            7.57579  ...          14.498137
ARF9RQ81187B997BD0            8.52677  ...          13.976458
ARKHRXT11E2835E45C          13.462441  ...          17.302698
ARVMTCG11E2835CBDD           9.631255  ...          13.145024

[5 rows x 43273 columns]
62399666
                   ARZUWUC1187FB54557  ... ARDMEMA1187B9AAB7B
ARZTWQL12454A52B88          11.407266  ...           9.433981
AR9GDE71187B9AF5A8          11.607789  ...           3.605551
ARL86GV11C8A42C280          11.407266  ...           9.433981
ARJJZ441187FB54C19           6.948811  ...           8.797608
ARIW11I1187FB57F3A          10.135998  ...           2.828427

[5 rows x 43273 columns]
62399666
                   ARZUWUC1187FB54557  ... ARDMEMA1187B9AAB7B
ARH5XE01187FB58BEE          10.135998  ...           4.242641
AR8OATH1187B99F7AD          10.347751  ...           9.433981
ARD55GC1187FB41E7D            7.57579  ...          11.546393
AR8WSBG1187B9A69F0          10.035361  ...           6.403124
ARX531K1187FB3FF86          10.426475  ...           6.708204

[5 rows x 43273 columns]
1872509256
                   ARZUWUC1187FB54557  ... ARDMEMA1187B9AAB7B
ARZUWUC1187FB54557                NaN  ...           9.721116
ARJNIUY12298900C91          35.052423  ...          10.479364
AR73AIO1187B9AD57B          44.428815  ...          11.577849
ARD7TVE1187B99BFB1          84.007582  ...          10.266375
ARL752Q1187FB35EFE          58.266745  ...          10.743516

[5 rows x 43273 columns]
