INFO: localdir at /scratch/141699.crottondi
INFO: your job will run on local system.
/home/crottondi/PIRISI_TESI/MSD_Environment/SBATCH_SCRIPTS/4_TO_PKLS
No heatmap for  ARFYSWI1269FB33592 Exec Bat
No heatmap for  ARPQ2SD1187B99234C Jimpy
No heatmap for  ARFUIFP122988FD87A Tom Hughes
No heatmap for  ARMUC731187B9A172D Azis
No heatmap for  ARYTGKG126E2B42A6D Les Trompettes Du Boute Selle
No heatmap for  ARBON001187B99BAD8 Rudolph Valentino
No heatmap for  AR3KNF51187FB41058 Club Moral
No heatmap for  ARBOEDU123E26703BA Varios
No heatmap for  AR8ZTV41187FB3F311 James Scott Skinner
No heatmap for  ARWVPAQ11F4C83D63B Audio Environments & Co.
No heatmap for  AR7N97R1187FB57E8C Pascal FEOS & Marc Miroir
No heatmap for  ARXKQZG1241B9CE41D Gerardo Boscarino
No heatmap for  ARJHWGJ11F50C47754 Ensemble Musiques Nouvelles_ Jean Thorel_ Berten D'Hollander_ Nao Momitani_ Jean-Paul Dessy
No heatmap for  AROKEKB1241B9CD15B Pedro Pietri
No heatmap for  ARPZPET1252CCF9386 Plagia
No heatmap for  ARQMOBD128893FDE64 Choeurs Et Orchestre Radio-Lyrique De Paris_ Andre Pernet_ Lucien Lovano_ Solange Michel
No heatmap for  AR21JFF1187B9A5CBA Six Brown Brothers
No heatmap for  ARZICIG122BCFC943E Drokz & Tails
No heatmap for  ARF0DHM1187B9B6A91 Daniel Bell
No heatmap for  ARK7HOG1187B9A667E Puscifer (MJ Keenan)
No heatmap for  ARVYNKF1272BA83168 Black Devil Disco Club|Quiet Village
No heatmap for  ARZCRLQ1269FCCEB72 Liv Glaser
No heatmap for  ARK6R8H1187FB4EF6D Lull
No heatmap for  ARYRUZQ11F50C4EF49 Jin Song
No heatmap for  ARDO3CS1187FB46493 Donnacha Costello
No heatmap for  ARYKCTW12420781DD6 Schola Gregoriana Mediolanensis
No heatmap for  ARYOCAD1269FB36078 Beata Maria
No heatmap for  ARGAMKT12086C11399 Christian Burkhardt
No heatmap for  ARCXTIK1241B9C51FF Billy Nasty & Gregor Tresher
No heatmap for  ARTMQZP128893FDC9C Chor des Frankfurter Rundfunks_ Orchester des Frankfurter Rundfunks_ Karl Schmitt-Walter_ Otto Von Rohr_ Felice Hüni-Mihacsek_ Kurt Schröder
No heatmap for  ARYKVSK1187B9B6302 Jacques Gamblin
No heatmap for  ARDMKKB1187B9A0EDA Très
No heatmap for  ARQCL0E1187FB38365 Cygnus X
No heatmap for  ARNYOXJ1241B9CF0DF Bara Bröst
No heatmap for  ARPHZ9O1187FB3834F The Anxious
No heatmap for  AR9Q21B1187B9AE486 Jane Birkin
No heatmap for  ARJI4BG1187FB4DE41 Blir
No heatmap for  AR2CDLJ119B3403860 Ian Betts
No heatmap for  ARN8B0O1187B9A2ED0 Julia Wolfe
No heatmap for  AROJM1O1187B9A2B89 Blind Willie McTell & Partner
No heatmap for  ARFQTFH1187FB44B1F Tom Wasinger
No heatmap for  ARXUQ9I119B8668E7B Kpt'N Planet
No heatmap for  ARODHE71187B9B04B0 Petar Dundov
No heatmap for  ARFCRLP1187B9A6BDB Judy Garland And Johnny Mercer
No heatmap for  AR1GZB111C8A421C7A Andre Crom
No heatmap for  ARYZQU91187B9ADC43 Lina Sastri
No heatmap for  ARYGUUE1187B98990E Traffic Signs
No heatmap for  ARAZWGI1241B9C5A1B Christoph Maria Moosmann
No heatmap for  ARDGPZK11A348EFE3E Uto Karem
No heatmap for  ARBLYAO1269FCCF6FE Atlars
No heatmap for  AREITFM11F4C840F79 Sone
No heatmap for  ARJ472M1187B99965B Alan Howarth
No heatmap for  ARJUYCD1241B9C7D6E Ian Novak
No heatmap for  ARYZCXW11F4C83C780 Dyablo
No heatmap for  ARHSNFO1187B993B7C Grant And Wilson
No heatmap for  ARSKHBR122BCFCA9ED Chris Lattner
No heatmap for  ARRUIZM11F4C83D9AC Monkeywrench
No heatmap for  ARZCSWN122988FCD13 Os Gaiteiros de Soutelo
No heatmap for  ARPRDAM122ECCB8959 Odelia
No heatmap for  ARN5WOA1187B99CE54 Evil Superstars
No heatmap for  AR109IQ1187B98E487 JK
No heatmap for  ARVBIAX124549A4854 Lee "Scratch" Perry Featuring Bob Marley
No heatmap for  ARDKFS41187B9B1D3B Endstille
No heatmap for  ARQBVHM1257509D33F Allan Shee
No heatmap for  ARPF3QA1187B9994B3 Sista Widey
No heatmap for  ARJD0H21187FB58154 Ghetto Blaster
No heatmap for  ARGFJTR1187FB389C7 Lightman
No heatmap for  ARWRMEN11F50C4BD18 Elliot Smith
No heatmap for  ARPWVZ61187FB3D3B2 Format: B
No heatmap for  AR6UQ8H1187B99DA9E Chacho
No heatmap for  AR87UKK1187B9B00DA Clsr
No heatmap for  AR3L9RR1187FB3D639 Tadeo
No heatmap for  AR95I0U1187B98D05A Morton Feldman
No heatmap for  ARFR1LN1187B99AA24 Goldmund
No heatmap for  ARDMTWN11F4C843DAF Kentucky Flamingo
No heatmap for  ARBPSTL1242077E147 Paruz
No heatmap for  ARYRDWA1187FB54DBE Whysall Lane
No heatmap for  ARORILY12420781766 Jorge Negrete
No heatmap for  ARBXXTY1269FCCFBC5 THE DOORS EXPERIENCE
No heatmap for  ARLIAC81187FB49438 Pietro Frosini
No heatmap for  ARKGWDU12086C144C9 Justin Vernon + Aaron Dessner
No heatmap for  AR9M3701187FB43722 Scan 7
No heatmap for  ARINEKO1241B9CDF16 Johnny Dj
No heatmap for  ARWGTJI122C8674A0F Baird Hersey & Prana
No heatmap for  AREXCUE122988F6D92 Drew Smith and His Band
No heatmap for  ARAKTTI1241B9CC697 Shoshannah
No heatmap for  ARJFKLS1187B9B67D6 Yo Mo
No heatmap for  ARRXCAY1242077F342 Annegret Hartmann
No heatmap for  ARPTV0O1187B99BB21 Richard Chartier
No heatmap for  ARXW3MS1187FB45048 Ny_ Maveric
No heatmap for  ARZJ8801187FB38BE2 Hank Penny & His Radio Cowboys
No heatmap for  ARHPOCO1241B9C8A40 The Santa Claus Ensemble
No heatmap for  AR0RNOI1187B99B9D8 The Heinz Funk Electronic Combo
No heatmap for  ARZBO721187B9B29D9 Tito Gobbi/Orchestra of the Royal Opera House_ Covent Garden/Carlo Felice Cillario
No heatmap for  ARBSZGD1187FB566E8 Wots My Code
No heatmap for  ARCUTSH1187B98EEC6 Luzon
No heatmap for  ARTJ0GN1187FB3D500 White & Spirit
No heatmap for  ARI1NT51187B9B74C3 Shimura Curves
No heatmap for  AR9GOHL119B8668821 High Powered Boys
No heatmap for  ARYDSYH1269FCD64FF Choir of the Abbey of Santo Domingo de Silos
No heatmap for  AR3PCSB1187FB5175C Basic Unit
No heatmap for  ARBRAGN11F4C845040 Shamrock Singers
No heatmap for  AR2XULG1187B9A87FC Blue Ketchuppp
No heatmap for  ARSUYRE1187FB4C719 Chet Parker
No heatmap for  ARMDZWK11F4C83B635 Blind Willie Mctell & The Regal Country Blues
No heatmap for  ARYPXAH11F4C83F3B7 Chang Hao; Wang Haizuo
No heatmap for  ARG2LYZ1187FB54F12 Evelyne Dubourg
No heatmap for  ARDOREG1187B99506F Otto Virgial
No heatmap for  ARCIGP21187B9AF05F William Basinski and Richard Chartier
No heatmap for  ARDJHNN1187FB42031 John Lennon And Yoko Ono
No heatmap for  ARSGDCV1187FB36559 Daze Maxim
No heatmap for  AROOVTH11F4C8423CA Grupo Huave Siete Mares
No heatmap for  ARR84EP1187FB4F700 Synkro
No heatmap for  ARXBHPF12420780D9E Aliénor Voices
No heatmap for  AR6VAR71187FB5CE81 Mountain People
No heatmap for  ARG3VRT1187FB54EB9 The Green Martian
No heatmap for  ARNQDWC1187B9ACCEE Jefre Cantu-Ledesma
No heatmap for  ARRDEF41187B98B093 The Method
No heatmap for  ARXORXQ1241B9CC3D6 Blaskapelle Herbert Ferstl
No heatmap for  ARRIUTU1187B9AFB08 John Foxx & Harold Budd
No heatmap for  ARIZRWY1241B9CD39B Leghau
No heatmap for  AR1RTHC1187FB470D8 Gustaf Hildebrand
No heatmap for  ARCBDYS1187B99F3DF Collectors
No heatmap for  AR7ROHY1187FB46732 Charizma & Peanut Butter Wolf
No heatmap for  AR2830E1187B9B0362 Kim Cascone
No heatmap for  ARFIAVM1269FB34E0E Cliff Brunner
No heatmap for  AR9BQ911187FB461A8 Kane Roth
No heatmap for  ARHF8MZ1187B98E377 Didier Sinclair
No heatmap for  AR6OGNL119B8668088 Chris Lake and Sebastien Leger
No heatmap for  ARRYWPW1187FB526DF Ah*Nee*Mah
No heatmap for  ARKPEQP1264D12DEEC Isabel Jay
No heatmap for  ARTYMXE12086C16EBE Rowald Steyn
No heatmap for  ARAJXQT124207804F0 Pepe Garsia
No heatmap for  AR2PXIR1187B9A6EB1 Bad Man
No heatmap for  ARSPXOG12454A3DB02 Jelly Roll Morton's Incomparables
No heatmap for  AR45C8W1187B98DA1D Fletcher Henderson & The Dixie Stompers
No heatmap for  ARELYDH1187B990E2D Kenny Arkana
No heatmap for  ARWTZYH12454A387B1 Hannes Schoeman en die Rooidag Boereorkes
No heatmap for  ARCKLOY1241B9CCD1B Shounak Abhisheki
No heatmap for  ARSXECA11F4C83D67F Choeurs Et Orchestre Radio-Lyrique De La Rtf_ Berthe Monmart_ Georges Jouatte_ Christiane Gayraud
No heatmap for  ARTWBDS1269FCD0775 IV
No heatmap for  AR0Z1981187B9B0442 MADE & SAX featuring MICHELLE WEEKS
No heatmap for  ARYFNLQ1187B98C5D5 New York Philharmonic;Leonard Bernstein
No heatmap for  ARHRGFL1187B99BC65 Joe Cassano
No heatmap for  ARYZHJG124207821B8 DJ ReMix Factory
No heatmap for  ARYDJJW1187B9B5E86 Andre Kraml
No heatmap for  AR4AF7D1187FB48AFA Hopen
No heatmap for  AROJLNX1187B995E0C Hacker
No heatmap for  ARJQWUH1187B990BD9 Drum Cult
No heatmap for  AR5QGKV1187B98A5AA Nunca
No heatmap for  ARYRMTI1242077FE20 Kawabata Makoto & The Mothers Of Invasion
No heatmap for  ARVJJ1811C8A42D7B2 Kriss Raize & Mr Snob
No heatmap for  ARQUAS91187B99AE28 Dixon's Jazz Maniacs
No heatmap for  ARZLNLI122988F4622 The Soul Academy
No heatmap for  AR3F1761187FB4DF72 Two Daughters
No heatmap for  ARFLG0Y1187B98EB58 Bjoern Stolpmann
No heatmap for  AR69FFT1187FB40242 Martin Hannett
No heatmap for  ARKW21K1187B994132 George "Bullet" Williams
No heatmap for  ARYZRXS1269FCD83D6 Lito y Manolo - The Gypsies
No heatmap for  AR3HS3V1187B99830E Lockweld
No heatmap for  AR7IX9N1187B9A104D South Rakkas Crew
No heatmap for  AR5XVWM1187B997F8B Mabe & Mave
No heatmap for  ARBECWB119B3402DD9 Le-Cantin
No heatmap for  ARHPKRO1187FB3A682 Etta Baker
No heatmap for  AR1IAWL11C8A42249D Te Deum
No heatmap for  ARYV2UE1187B9AF02C Masonna
No heatmap for  AROA8CT1187FB41C21 Sleep Research Facility
No heatmap for  ARBPCVF1242077F015 Mr Shuffle
No heatmap for  AREMKW41187B9B57C8 Grey Daturas
No heatmap for  AR6ZNHQ1187B9B0E32 Steven Liquid
No heatmap for  ARWKX0Z1187B9A10A2 Neka
No heatmap for  ARE2W9N1187B98B08F Jus Ed
No heatmap for  ARYISPU11F50C4A6B8 Beto Bertolini
No heatmap for  ARHBC9K1187FB5777E Boris Gardiner / The Love People
No heatmap for  ARPPROG1187B9AA097 Patrick Chardronnet
No heatmap for  ARFMETQ12420783311 Adu
No heatmap for  ARERRXE12086C136CA Cripple Clarence Lofton
No heatmap for  ARACCDJ126E2B34B68 Les Trompettes Du Boute-Selle
No heatmap for  ARJLGUY1264D12DFA0 Jed Davenport & His Beale Street Jug Band
No heatmap for  ARELRBG11F4C84188B Toni Giménez
No heatmap for  ARYQCDP1241B9C76A8 Big Box
No heatmap for  AR1A9UU1187B9910E7 Ian Campbell Folk Group
No heatmap for  ARPXSTW121318C558B Michael Pan
No heatmap for  ARKIUST11F50C4CDE4 Extra Glenns
No heatmap for  AR1MJ8V1187FB38628 Rockabye Baby!
No heatmap for  ARKVHJ71187FB4CA70 Ozzie Nelson & His Orchestra
No heatmap for  ARX2AL51187B98979E Magic Mushroom
No heatmap for  ARWLGDN1187B9969FD The World Players
No heatmap for  ARXJELW1187B9AD5EB Wylde Ratttz
No heatmap for  AR6ZEIX1187FB3FD26 Charlie "Bird" Parker
No heatmap for  ARUSXDV1187B9A2C15 Kazumoto Endo
No heatmap for  ARFUPNL122BCFCC77B Agev Munsen
No heatmap for  ARVISJ71187FB3A107 Oliver Ho
No heatmap for  ARKOAHZ11F4C84496D Korai Öröm 2005
No heatmap for  ARRXA5W1187FB3605C Tav Falco's Panther Burns
No heatmap for  ARZFEXU11F50C495DA I Solisti Aquilani
No heatmap for  AR4VNSQ1187B999ADB Kerith Ravine
No heatmap for  AR2UVTU1187FB4EFF9 Joja Wendt
No heatmap for  ARVDAWT11F50C5023F Audio Injection
No heatmap for  AR33Z9V1187B99DF91 Debmaster
No heatmap for  ARA7NOX1187FB40EFB Stunna_ Y.S. the Thizz Kid
No heatmap for  ARRM5EH11C8A42B718 Discover The Classics
No heatmap for  ARUXTCC1187B9968B6 DJ Flanger
No heatmap for  ARUZDXW1241B9CC2E5 Tony Kosa
No heatmap for  ARQR2JB1187B9B136C Peter Alexander
No heatmap for  ARRL4KU1187FB48B59 Aki Latvamäki
No heatmap for  AR6BKZL119B86680F6 Captain Twang And His Rhythm Cat
No heatmap for  ARQARJN11EBCD75148 Round Table Knights
No heatmap for  AR7E7GC119B8668FFB Electricano
No heatmap for  ARYL5JR1187FB38B56 Jürgen Paape
No heatmap for  ARIOKDU1264D12B3E6 Jelly Roll morton's Kings Of Jazz
No heatmap for  ARTPXHH1187FB3A2BB Marek Bois
No heatmap for  AROK2FS1187B9928CA ...But Alive
No heatmap for  AR2NZEG1187FB47923 Jaiden
No heatmap for  ARN3K2X1187B9AB02F Grupo Maravilla
No heatmap for  ARIBDYC1241B9CA1A1 DJ Chriss B
No heatmap for  ARYW4LL11C8A415964 Jérôme Richard
No heatmap for  ARZCVRJ1187B989BC7 Hole In One
No heatmap for  ARGCIEH1264D13A784 Pompey Fans
No heatmap for  ARLYWH31187FB45B32 Angus MacColl
No heatmap for  ARISIF01187FB3A62F Pablo
No heatmap for  ARE4RVA1187B9ABBD2 Boogie Drama
No heatmap for  AR7C37I1187FB42FC1 Markus Becker
No heatmap for  ARWTRVT1241B8B9D59 Benjamin Ma
No heatmap for  ARXLDRI12454A522BB Trappist Monks of the Abbey of Gethsemani
No heatmap for  ARXFVLP12086C14A5E Looking Forward
No heatmap for  AR097XO1187B9B2986 Addis Ababa Children
No heatmap for  ARP0XKX1187FB5AD94 Barcelona
No heatmap for  ARIRMTQ122BCFCC232 Phunk Investigation vs 2 In A Room
No heatmap for  ARYJNWV1257509E114 Los Cardenales Del Exito
No heatmap for  ARIKEYC1269FB336BA John Smorto
No heatmap for  ARWOLJM12509415E8C Obaid Hareb
No heatmap for  ARYBIDU1241B9CCA97 Bush Chemists
No heatmap for  AREKXYF127BF5F157C Jackie Mason
No heatmap for  AR0MQVW1187FB51441 Samuel L & Martin H
No heatmap for  ARA9NNE1187B98C14E The Tantra Monsters
No heatmap for  ARGYYOF1269FCD5D7A Jeroenski ft. Jerique
No heatmap for  ARQJ0D21187B9AE588 Jody Diamond
No heatmap for  ARTPDAB11F4C843A2E Swat Squad
No heatmap for  ARFXKMI1187B990841 Sounds Of The Earth
No heatmap for  AR6T31R1187B9945DD Helmut Zacharias - Geige Violin - And His Orchestra
No heatmap for  ARDHE431187B98A468 Blind Leroy Garnet
No heatmap for  AR7GQI01187FB402ED Sweet Juice
No heatmap for  ARMSNYY11F4C83B315 Schniner
No heatmap for  ARO939L1187FB36DA4 Os Gatos
No heatmap for  ARAJDGD1269FCD660B Carlos Albrecht
No heatmap for  AR1IVTS1187B99523E Young Lords_ Kites_ Prurient
No heatmap for  ARYOOLB12802FDF092 Constar
No heatmap for  ARAUF5Z1187FB3F5CD Clear Static
No heatmap for  ARMAVZ91187B9B2888 Scat Rag Boosters
No heatmap for  ARRQFAB12509414D22 Sweet Georgia Brown
No heatmap for  ARLRRUM1187B9AEE65 Tune Wranglers
No heatmap for  AR284O11187B9B156C Jessica Bailiff
No heatmap for  ARPRIUW11EBCD7B763 Craig D'Andrea
No heatmap for  ARE9XAK1187B9A2895 Voodoo J
No heatmap for  AR56OVU1187B989698 Jocelyn Enriquez
No heatmap for  ARAARS71187B99F437 The 1200 Warriors
No heatmap for  AR7ZPF71187B98B88B Lunar Bear Ensemble
No heatmap for  AR3OJOL1187FB51D5B Amu
No heatmap for  ARZPBUB12420780D55 DJ Boogie
No heatmap for  ARBGC0M1187B98CE96 Cold Storage
No heatmap for  ARQKQ051187FB4BAD6 Codec
No heatmap for  ARBEPON1269FB38827 Zenlu
No heatmap for  AR0CVOW1187B9A51EF EMT
No heatmap for  ARXNMYR1269FB34B1E Kölsch`Terzett
No heatmap for  ARQ10PL1187B9937E5 Johnny & The Attractions
No heatmap for  ARMPLXK1187B98BCB9 DJ Atomic
No heatmap for  ARSBIYL11F50C4AA44 Jelly Roll Morton
No heatmap for  ARYDXOO11F4C83EB8A Hasmik Haratunian
No heatmap for  ARDEZIP119B340313A Artifact303
No heatmap for  ARU9FJQ1187B9B5FDF Benjamin Britten - Denise Djokic
No heatmap for  ARRCGEJ11F4C83BB8D Steve Schneider
No heatmap for  ARBWQLR124207831A9 Eff-Jay
No heatmap for  ARJ4IJ51187FB3CF27 Johnny Hamp's Kentucky Serenaders
No heatmap for  AR25ETZ1187FB4656C Russell Haswell
No heatmap for  ARXKKRY126E2B3EE84 Dj Garces & Frann Delice feat. David Cop
No heatmap for  ARGWIVB1187FB4F701 Winter Soul
No heatmap for  ARG1QGH1187FB53225 Bissen
No heatmap for  ARMRLIC1187B995BB4 Interlace
No heatmap for  AR6XEBD1187FB48592 Bunny Lee
No heatmap for  ARAJJKX12420780126 Psyshark_ Para Halu
No heatmap for  ARZZRAT1187B9892CA Männerchor Koschatbund_ Ltg.: Edi Wasserfaller
No heatmap for  ARJRLWD1187B996C02 Robotiko Rejekto
No heatmap for  AR7TZC41187FB37DCD Sweet N Candy
No heatmap for  ARKEGGF1187B98C628 Lionel Belasco
No heatmap for  ARXBHZT125094166BA Edu Fernandez & Andrew Ddm
No heatmap for  ARWMBJJ1187FB568BD WestBam & The Love Committee
No heatmap for  ARHDQSU1241B9CC6C0 Marcelo Vasami
No heatmap for  ARR6Y9U1187FB52CE2 RL
No heatmap for  AR7CN5R1187B993F0E Hank Jones_ Red Mitchell
No heatmap for  AR8CV9H1187FB41066 Asino
No heatmap for  ARUQ4F01187FB4DA9C The Skinnies
No heatmap for  ARRU0Z61187B9ADFCC The Georgia Browns
No heatmap for  ARQCJNL1187FB52F4A The Celtic Tenors/Mike Moran/Patrick Kernan/Gavyn Wright/Orchestra
No heatmap for  ARWLJ501187B99A247 Yearning
No heatmap for  ARGTKZO1264D12D6D6 Shawn Chrystopher
No heatmap for  ARWHQBV11F4C8468E9 Don T
No heatmap for  ARIFZ791187B9955CF Albino
No heatmap for  ARABNWW1269FB37907 The London Regency Choir & Chorus
No heatmap for  AR5PE971187FB484DE Vess L. Ossman
No heatmap for  ARWGBTO1187FB3D1FA Irving Kaufman
No heatmap for  ARZPZFN1257509E056 Tom Van Criekinge
No heatmap for  ARXYHLM1241B9C4275 Simon Keep
No heatmap for  ARNUHKG11E2835E81F Michel Peguri
No heatmap for  ARKIDXS11F50C4B4F4 High Dials
No heatmap for  ARAJXQZ1241B9C92B4 Dan Ascherl
No heatmap for  ARGELKM11F4C840A51 Trío Trovarroco
No heatmap for  ARCCARH12454A38709 Güzzernich-Orchester_ Wolfang Sawallisch_ George London_ Herbert Schachtschneider_ Zoltan Kelemen_ E
No heatmap for  ARXOQIJ122988EFF95 Lester Palocsay
No heatmap for  ARYTKRA11F4C83C2BC Handel And Haydn Society Chorus
No heatmap for  ARJBGIO1269FB33C73 Music & Light
No heatmap for  ARNUHXE12509416B38 Dj N3ck & Deception Presents Melodyne
No heatmap for  ARYVPNG11F4C843E62 DJ Hansz & Jan Liefhebber
No heatmap for  AR5NM2E1187FB3B746 The Discowboys
No heatmap for  ARZDCMY122BCFCC2B0 Charlie Straight
No heatmap for  ARE9U4S1187B99032F Saint-Preux
No heatmap for  AR2E3LI1187FB38797 The Nob Hill Boys
No heatmap for  AREETYB1187FB5996A The Gibson Bros.
No heatmap for  ARVKVZP1187B9A025E Innisfree
No heatmap for  ARFBOSP1269FCD096F Ruff Cutt
No heatmap for  ARATBRL122988FAE38 Richard Redding
No heatmap for  ARSMV2P1187B997C45 Alma Ritano
No heatmap for  ARE1T4E1187FB54B9C Voice Crack
No heatmap for  AR6WHZK1187B9A5DBE New York Gong
No heatmap for  ARDPB7N1187FB3E356 The George Benson Quartet
No heatmap for  ARG4F3O1187B9AD1D7 Eye Wall
No heatmap for  ARKBGUE1241B9C62F6 Patricia Kopatchinskaja
No heatmap for  ARAPWGN1187B995CCB LN Movement
No heatmap for  ARJYI7C1187FB47CE4 Miss Jools
No heatmap for  ARXEFYL1241B9CE4F7 IJack
No heatmap for  ARRORRA1269FB36749 Konrad Grewe
No heatmap for  AR9ULG91187B99E090 Spoiler
No heatmap for  ARPYXWG1269FB359C7 Anton Bazovskiy
No heatmap for  ARK9OBY1187B9B3D90 D.O.E.
No heatmap for  ARZD3EX1187B9B4A11 Construction Kit
No heatmap for  AR8YIA81187B9A131A Limelife
No heatmap for  ARRMZGL1278B7CC6A0 Tristan Garner & Gregori Klosman
No heatmap for  ARGUVBE1269FB362D8 M.O.T.O.NOISE
No heatmap for  ARGRJDR11F4C83F6E3 Jiang Jianhua
No heatmap for  AR3SRNA1187B9896C7 Columbus Fruge
No heatmap for  ARUHD9Z11C8A4165A2 Badria Anwar
No heatmap for  ARAFRAX12086C12F4B Phunklarique/Pierce
No heatmap for  ARZQCZC12509415226 Maso Rivera Y Su Conjunto
No heatmap for  ARSDQVE1187B99A44D Primitive
No heatmap for  ARQSDQM127BFF52070 Hot Fox Karaoke
No heatmap for  ARCROXK1187FB4BA56 Franco Cinelli
No heatmap for  AR7TMO31187FB46D1B Sleek
No heatmap for  AR75A9W1187FB4B4AB Karo & Johny Adams
No heatmap for  ARAPYBS1241B9C6569 Haterboy & Van Hagen
No heatmap for  ARZJPSA1269FCCEDD3 Golden Serenades & Sewer Election & Treriksröset
No heatmap for  AROKTWG11F50C4CA40 S. Gayathri
No heatmap for  ARDIY3F1187FB5B2B4 XL Middleton
No heatmap for  ARU0ER31187FB4A533 Kim Frank
No heatmap for  ARVITSQ1269FB34DEE Polin
No heatmap for  AR4K6461187B9A238C Nickelodeon
No heatmap for  ARRWZIQ1187B9B0395 Christopher Robinson
No heatmap for  ARNK0WC1187B9A1AA0 The Godfathers
No heatmap for  ARQOHTY1269FB36100 Julie Perrine
No heatmap for  ARG5TS31187B99BB0D Peter Bardens / Camel
No heatmap for  ARYY01Y1187FB361E6 Bügsküll
No heatmap for  ARSX6P71187B9A1BB2 Trent Dabbs
No heatmap for  ART2SJ11187FB4ACF2 Chopstick and Johnjon
No heatmap for  ARHAB9S1187FB52627 Titonton Duvanté
No heatmap for  AR5604B1187FB47EDB Glove feat. Julia W.
No heatmap for  AR1A5C01187B99DD70 Mamady Keïta_ Sewa Kan
No heatmap for  ARCYFVU1241B9C8768 Liquid Horizon
No heatmap for  ARPCDXL1241B9CA0DE Accel Ro
No heatmap for  ARXFKCC122BCFCA2E0 Ralvero
No heatmap for  ARV8FTK1187B990529 FM3
No heatmap for  ARVUZOP12454A52D14 Yoko Ono & Peaches
No heatmap for  ARWUPXM1187FB4E001 Ulan Bator
No heatmap for  ARIHY611187B99381B Honey Boy Martin / The Voices
No heatmap for  AR7F9FX1187FB3E05E Sydney Symphony Orchestra/John Lanchbery
No heatmap for  ARAEQJS11F50C486B8 Jordi Tonietti
No heatmap for  ARPTHAL11F50C50197 Kristian Blak & Yggdrasil
No heatmap for  AR2LVF71187FB38C54 Pierre Dervaux/Choeurs et Orchestre du Théâtre National de l'Opéra_ Paris
No heatmap for  ARDKMDU1269FB34559 4 M International
No heatmap for  ARAOY6J1187FB3C83C Country Pardners
No heatmap for  ARPBNKG1269FB34EA0 Spike Corleone
No heatmap for  ARPP3PW1187B99B9D9 Cecil Leuter
No heatmap for  AROYVVZ11F4C840B44 Redcard
No heatmap for  AR4Y6TO1187B991593 Giulio Caccini
No heatmap for  ARSZPQP1250941433E Das Hintermooser Gitarren-Dreispiel
No heatmap for  ARNJE851187B992ABD Aladdin
No heatmap for  ARRM2R51187B9A4410 Billy Hughes
No heatmap for  ARFRLTK1187FB39A41 Pinto
No heatmap for  ARYDZJA12406A89B00 John Barry
No heatmap for  ARZBSJV1269FCD1633 The Great Pop Band
No heatmap for  ARXYLPC11F50C48190 Muck Sticky
No heatmap for  ARVMOB91187B9ADA48 Pauline Carton_ Koval
No heatmap for  ARXBARX1187FB3FE90 M.J. Harris And Bill Laswell
No heatmap for  AROBDMK1250941620C Bassjackers
No heatmap for  ARPCSAI1271F573B97 Raphael
No heatmap for  ARS8LZH1187FB3D7B5 Christian Morgenstern
No heatmap for  ARGFPHY127AF894EA1 Claire Ripley
No heatmap for  ARYDE211187B9A5EA3 Purple Ivy Shadows
No heatmap for  ARM1WH21187B996FD9 Johnny Flynn & the Sussex Wit
No heatmap for  ARA3WQH1187B98A510 Skopje Rifai Dervishes
No heatmap for  ARXUDDN1269FCD4F9B Greg Parys
No heatmap for  ARVBGQO12509414F4B MCW's System
No heatmap for  ARHGETF11F4C83F9A8 Qiu Shengrong; Tan Fuying; Zhang Junqiu
No heatmap for  ARFG7BO1187B995B72 Sister Rosetta Tharpe and Marie Knight
No heatmap for  ARJWW0V1187B9B6886 Hermann Prey / Wolfgang Sawallisch
No heatmap for  ARAM5YS1187B9A30DD TnI
No heatmap for  ARTHSZE12086C172F9 Cause & Effekt
No heatmap for  ARYGELY1269FCD2620 Jackie Mittoo and Sound Dimension
No heatmap for  ARNUTNW122988F1735 Dean Sluyter
No heatmap for  ARF2D481187B993F55 Jack Kelly
No heatmap for  ARII0XX1187B9AC3FE Josh Homme
No heatmap for  ART4EKI1187B997123 Dirty Gringo
No heatmap for  ARFARKM11F4C8409B2 De Malo
No heatmap for  ARGSUEM11F50C4EEB0 Musette - Terry Muska & Madalyn Blanchett
No heatmap for  ARSIAJH11F4C83BAE7 Pavel Ilyashov
No heatmap for  ARIY3LT1187FB41D5C Freezing Butterfly
No heatmap for  ARW996V1187FB4392F Trulz & Robin feat. Baseman
No heatmap for  ARUFXMO1242078098B ZURA
No heatmap for  ARXTWWM12802FDF3A7 Gigi Tonet
No heatmap for  ARYODAQ1241B9C6E2A BootyCount
No heatmap for  ARKYB891187B98E6E8 Jef Lee Johnson
No heatmap for  ARSIUSA1187B9B0A4B SYNC24
No heatmap for  AR0SXSN1187B995A6F Venus Ray
No heatmap for  ARLHZ2A1187FB3B4C7 Louis Innis
No heatmap for  AR48YAZ1187FB4D582 Casimir Liberski
No heatmap for  ARM9VHE1187B9B0C87 Jürgen Driessen
No heatmap for  AR78ASP1187B9A6191 Matt Pur
No heatmap for  AREXDRG1187B99C6E5 Field Musicians
No heatmap for  ARNIGYW1187FB47C4C Nana Grizol
No heatmap for  AR9LESH1187FB53C4C Henry A Lytton_ George Baker & D'Oyly Carte Opera Company
No heatmap for  ARYDYQT1269FCD2F86 SK Radikals
No heatmap for  ARH4F2W1187B9A021E Brian Protheroe
No heatmap for  AR7RGDZ1187B9910EC Angel Dean & Sue Garner
No heatmap for  ARAEVDO1241B9C67A6 Ray Subject
No heatmap for  ARFQSO41187B9AE8C2 Paul Hester
No heatmap for  ARN2LZ81187FB4523A Jason Emsley
No heatmap for  ARYBCVB11E2835CC00 Wayne Wonder & Showki Ru
No heatmap for  ARZWQDJ122CC3B15E6 Virgil Deuce
No heatmap for  ARKFHEL1257509D8FB Na Kashna Yur
No heatmap for  ARQXY4K1187B9A1FA6 Bobby Lee
No heatmap for  ARXUINA11F4C8476FC The Choirs of Blackburn Cathedral
No heatmap for  ARZSCFO126E2B3491C Couturier
No heatmap for  ARLEM6S11C8A42C78B Joel Frederiksen
No heatmap for  AR9SJXJ1187FB3F603 Darwin C Bogan
No heatmap for  ARAOBJK1272BA8611E Multiphase
No heatmap for  ARXWEJJ11F4C845C6A Jan Hruby & Kukulin
No heatmap for  AR41CRO1187FB44DEC The Movielife
No heatmap for  ARKP7FY1187B98F0D9 Masquerade
No heatmap for  ARF1R5S1187B9B787A Syndicate Of Law
No heatmap for  ARZC8UX1187B99285E Nomads of Dub
No heatmap for  ARRHAII12086C1739B Pets With Pets
No heatmap for  ARXH27P1187FB5350D John Huling
No heatmap for  ARE1CVB1187B998E0A Stevie Vega
No heatmap for  ARDBYIX1272BCD1F1C Black Devil Disco Club With Prins Thomas
No heatmap for  ARDTVMP1269FB372C7 Avis Vox
No heatmap for  ARY96TK1187B9A108E Georg Gabler
No heatmap for  ARODK261187B9A6DEB TO BE
No heatmap for  ARSSQ0C1187B9A4E62 Ed O.G.
No heatmap for  ARNHB3M1187B98B512 Chakra's Dream
No heatmap for  AR85Y3C1187FB51F61 Prodigal
No heatmap for  ARFNU5T1187FB4EDF2 Marguerite Lambert
No heatmap for  ARAHSFC11F50C4BEE3 Party Day
No heatmap for  ARLFYXU1187B9B397E Alonzo
No heatmap for  ARWXJT11187FB3F3D3 Aquaplex
No heatmap for  ARSUFQV121318C5B0E Count Dee's Silver Disco Explosion
No heatmap for  ARYZERX1241B9C70AE Judge Dreadd
No heatmap for  AROUOYQ12802FDE538 The Crystal Ark
No heatmap for  AR69FCR1187FB52E27 Iain MacInnes
No heatmap for  ARYPLBL11C8A4154D1 Carlo Maria Cordio
No heatmap for  ARY11KI1187FB5A994 Neville Grant
No heatmap for  ARYTJYU1269FCD2621 Ernest Ranglin and Sound Dimension
No heatmap for  ARRMMSD1250941220C Carmen & Aurora Miranda
No heatmap for  AR9CTOG1187FB41268 Luciano & Thomas Melchior
No heatmap for  ARTDQGF122BCFCD47D Fokko Versloot & Koen Lebens
No heatmap for  ARZB3GY11C8A4152D3 Fabio Orsi_ Mamuthones
No heatmap for  ARVGCNZ12298900146 Don Goliath
No heatmap for  ARPBJYB1187B9AA1C8 Travis Morrison
No heatmap for  ARF4TUF1187FB44AD5 Andre Previn
No heatmap for  ARDWWPX124207811C2 Mr. Noize
No heatmap for  ARJ6IRR1187B9AE903 Alan Sparhawk
No heatmap for  ARFIJZX11F4C842D38 Raw Remainderz
No heatmap for  ARSQKCY1187B991175 Homer Clemons
No heatmap for  ARIOSCW1187B9B2312 Helmut Krauss
No heatmap for  ARMUVQO11F50C4BEE0 Family Dog
No heatmap for  ARXPGNI1242077E946 Barbara Dorfer
No heatmap for  ARE7QZJ1187FB560DA Fumiya Tanaka
No heatmap for  ARB1HU11187FB569A6 Marko Furstenberg
No heatmap for  AR1D8HU1187B9B14AC Music for Meditation
No heatmap for  AR5VDBL1187B9ADB75 Seven Eleven & Wally M
No heatmap for  ARXBLWV1242078022F Chris Fable
No heatmap for  ARBJTAM11F4C8471C1 Keo Nozari
No heatmap for  ARAQYQS11F4C84056E Animal and Bird Songs
No heatmap for  ARXENOL11E2835EA33 Freddy Y Sus Afro Latinos
No heatmap for  ARL8NI41187FB375F5 Beats And Styles
No heatmap for  ARJAXIM1242077F9F9 The Fastlanes
No heatmap for  ARDK3KJ1187FB5AD1C Konrad Beikircher
No heatmap for  ARQLEFR12086C128CF Ducktails
No heatmap for  ARI76K11187FB462EE John Steel
No heatmap for  ARZVLQV1241B9CD16F Lennart Axelsson
No heatmap for  ARVAS771187B9A5960 JOE TVANNELLI PROJECT FEAT. MIJAN
No heatmap for  ARU6BWY1187FB3AC23 Vibracathedral Orchestra
No heatmap for  ARZXDML1187B9A3251 Mummy Fortuna's Theatre Company
No heatmap for  ARNRTFT12086C17075 The Press Gang
No heatmap for  ARTT5891187B9AF1E8 Lil Mark
No heatmap for  ARZCUGY1269FB32191 Capella Gregoriana
No heatmap for  ARLWKMO1187FB4E6FE Herman Stones
No heatmap for  AROITPP11F4C841BBC Ada Brown
No heatmap for  AROTS3F1187FB4D0C9 Miredys Peguero & Paul Bushnell
No heatmap for  AR9OWIB1187B9929F0 Monoaural
No heatmap for  ARTMZLH11F50C4FEB1 ProjetoNave
No heatmap for  ARBTPAR1241B9CA056 DJ EJ
No heatmap for  ARPNFJS11F4C847F8A Ludwig Mies Van Der Rohe
No heatmap for  AR3JQMU119B3403551 Collins Oke Elaiho & His Odoligie Nobles Dance Band
No heatmap for  ARLABL51187FB4AF47 Bill Mraz Orchestra
No heatmap for  ARJDWXO1187B98AD2A Nora Bayes
No heatmap for  ARZPEAT12509413656 Das Grosse Teutonia Blasorchester
No heatmap for  ARLODWR1269FCD4C50 Colly C
No heatmap for  ARRZMEY11F4C84601A Graziano Ruan
No heatmap for  ARUOKBB1187FB3AFEC The [Law-Rah] Collective
No heatmap for  ARBRWLO1264D12FC97 Hip Priests
No heatmap for  ARYFCNA1250940EE96 Artful Dodger Feat Lynn Eden
No heatmap for  ARLXQIB1187B9ACE13 Gil Mahadeva
No heatmap for  ARASYHB12472CE2D30 Marco Torrance feat. Tiff Lacey
No heatmap for  AR9V7KP1187FB579E0 Die Firma feat. Nesti
No heatmap for  ARJJ8LK1187B9958BB Squint
No heatmap for  ARYCH551187B9ABCE6 Stained
No heatmap for  ARGJPLQ1264D13A735 Gordon Terry
No heatmap for  ARXZBLV11E2835D956 FPS
No heatmap for  ARZEQVO1269FB33912 Technomind
No heatmap for  ARFCNF41187B993052 S.H.E.
No heatmap for  AR7KNMC1187FB37F8B Britta Onnen
No heatmap for  ARWCN9P1187B9A2D3F Waak Waak Jungi
No heatmap for  ARPPTNK11F4C845F48 Gao Hong
No heatmap for  AR6AWB01187FB3AAEB Judiny
No heatmap for  ARFOO9C1187FB427B8 Die SRV-Männer
No heatmap for  ARNKOKE123E29C2363 Tommyboy
No heatmap for  ARG6S7U1187B992FCF The Cincinnati Jug Band
No heatmap for  ARAPLIN124549A431A Barbara Bonney/Danila Donose/Maria Ruxandra/Cornelia Wulkopf/Peter Schreier/Yaron Windmüller/Mitglieder des Münchner Bach Chor/Münchner Philharmoniker/Sergiù Celibidache
No heatmap for  ARVBIVU1187B9A2C85 Gez Varley
No heatmap for  ARQBOCL1187B98AA2C Urban Tribe
No heatmap for  ARZYIFF1187FB3905A Georgia Anne Muldrow & Dudley Perkins
No heatmap for  ARY1XQX1187B9A146D Lost On Purpose
No heatmap for  ARLYCOJ1187FB367F2 Jakob Adler
No heatmap for  AR2MG6D1187B9A4C77 Aparecida
No heatmap for  AR52OBB1187FB42685 The John Berberian Ensemble
No heatmap for  ARSZKJR11F50C4CFC6 S.T.I.N.K.
No heatmap for  ARRNCYV11F50C4FA50 Aznach Ensemble
No heatmap for  AR3I1MJ1187B99DEED Fliflet Hamre Energiforsyning
No heatmap for  ARBCCIE1250941282E Fedde le Grand presents The Flamingo Project
No heatmap for  ARTAOTT11F4C83DAF5 Keiko Abe
No heatmap for  ARNWBHD1269FCD24BA Okeh Wrangers
No heatmap for  ARB0O551187B98CDB3 Chuck D
No heatmap for  AREYTSS1241B9C566A Alex Lamb
No heatmap for  ARTLYVF1187B9A9620 Cleoma Breaux
No heatmap for  ARQRPAS1264D137D28 Bud Abbott
No heatmap for  ARBALUH11F4C83FE3A Windy And Carl
No heatmap for  ARDHQAM1269FB35582 Death of Angel
No heatmap for  ARU9DGB1187FB57B63 Foster & Allen
No heatmap for  ARS7SLV1187FB4EF36 OLYMPIA
No heatmap for  ARLDHOU11F50C4EFE2 Nate Wollman
No heatmap for  ARZTJAO1269FB36359 Rodrigo Castro
No heatmap for  ARI4XVC1187B99B986 Banda de Pifanos de Caruaru
No heatmap for  ARASSXU1269FCD1147 Gaillard Clement
No heatmap for  ARNITYP121318C564B Lost On An Island
No heatmap for  AREOCUN1187FB5AC47 Standgericht
No heatmap for  ARTG2FK1187B99A5B2 Landed
No heatmap for  ARCZ38L1187B9AC6AA Jesse Ashlock
No heatmap for  ARRGBMW1257509E724 Kendall "K - Mac" McCarter featuring ROCSI
No heatmap for  ARBWUG01187B993805 Zora Neale Hurston
No heatmap for  AR80EJB1187B98A28F Jack Rose_ The Black Twig Pickers
No heatmap for  AR03MRK1187FB3A8E0 The Devotions
No heatmap for  ARVG0F71187B99E52A William Parker & Hamid Drake
No heatmap for  ARC9XYV1187B997D78 Idiot Stare
No heatmap for  ARTLAUG1264D13A323 Julian Whiterose
No heatmap for  ARSNY541187FB4399E Åse Teigland
No heatmap for  AR0Q0GW1187FB4EEAC Yao Lee
No heatmap for  AR8719V1187FB51155 Rozzi Daime
No heatmap for  ARLU1N31187B9B298F Bobby Sarkie
No heatmap for  ARYTRCY1269FB34D1F Ars Musicae Ensemble
No heatmap for  AROBRAT1187FB45D49 Chronik
No heatmap for  ARZNFYC1269FCCF731 Ole Olsen Fykse
No heatmap for  ARLP5OS1187B9B2FDC Sonic Youth
No heatmap for  ARJLQZP12496DAB7D3 Barry Connell
No heatmap for  ARKIGPF1187B98BD79 Atmospheric
No heatmap for  AR7GWKT1187B9BA00B Sound EFX
No heatmap for  AROLFHJ1250941624D Alexander Popov & Feel
No heatmap for  AR6C3RD1187FB39B4F Katla
No heatmap for  ARRG26L1187B991D77 Tibet Team Frankfurt
No heatmap for  ARDKNQU12454A43233 Max Romeo & Niney
No heatmap for  ARICN9H1187B9AF3E9 Charles Trenet
No heatmap for  ARW1AVF11C8A4215E3 Guido Schneider & Florian Schirmacher
No heatmap for  ARPW78B1187B99584C Dimbiman
No heatmap for  ARXYYIM124207814C7 Victor Perez
No heatmap for  ARHPR001187B98B97A Re-Loop
No heatmap for  ARFLG771187B98FD1C Polo Polo
No heatmap for  ARKTF4F1187B9B00BC Lucid Picnic
No heatmap for  AR5OL951187B99E626 TwoFourteen
No heatmap for  ARVZZF11187FB5390E Pierre-Laurent Aimard
No heatmap for  ARZIWIQ125094137D0 Guillaume Orti_ Olivier Sens
No heatmap for  ARYNXUP12420783A9E Las Pajarillas
No heatmap for  ARZQHCP1269FB30442 Bilal Salaam
No heatmap for  ARNKZAE11F4C8473FA Andrea Carnell
No heatmap for  ARBOIGG1187B98A84A Dna2
No heatmap for  ARXK67H1187B99FBBC Murmur
No heatmap for  ARXTGQI1241B9CBB05 Michael Otto
No heatmap for  AREGILJ1252CCF8CB6 Psukoy and Predators
No heatmap for  ARUDBXL1187B9A1AA3 Jill Tracy_ The Malcontent Orchestra
No heatmap for  ARAKUJA1187FB429B1 Hypertraxx
No heatmap for  ARFBPQH1269FB3556F Baba Jelly
No heatmap for  ARAC7VN1187FB4345D Hélène Breschand_ Didier Petit
No heatmap for  AR6DZEB1187FB4A7E3 Robert Morris
No heatmap for  ARQLG141187FB4F435 Grouper
No heatmap for  ARVK0YL1187FB432FB Gibbins
No heatmap for  ARVJGEC1187B9B98D5 Angeles del Infierno
No heatmap for  ARQH9HE1187B99B4D0 Mokira
No heatmap for  AR43OXY1187B9AF5BD Short Changed
No heatmap for  ARV99SV1187B9B1625 Rattus
No heatmap for  ARITBIO12802FDEA2C KMVSNI
No heatmap for  ARHWFRP1187B996BB7 +39
No heatmap for  ARB22I01187FB4DD3E Monster Bobby
No heatmap for  ARXZXES1269FB3200F Erica Lopez
No heatmap for  ARZKSZR11F4C83EDD5 El Otro Mundo
No heatmap for  AR9VTS91187FB4EEF0 Irving Aaronson
No heatmap for  AR6SY641187B989035 Irina and Todd
No heatmap for  ARFODYW1187B996DE0 Capsela
No heatmap for  ARNHXMM11EBCD7B94F The Nucleus
No heatmap for  ARSWKSL1269FCD291D Marc Romboy & Stephan Bodzin
No heatmap for  ARS2OB41187FB425E5 Adam Sky
No heatmap for  ARIYOCX12086C15A56 Darien
No heatmap for  ARXJYD51187B990F5E Penguin Café Orchestra
No heatmap for  AR1WEAV1187B9AEDB7 Miho Hatori
No heatmap for  AR4UQQV1187FB3E01D Eric Peters
No heatmap for  ARGXUCF1264D13A057 Max Thief
No heatmap for  ARMLRFC11F50C4A0C4 Tanya Stevens
No heatmap for  ARGDMMM1187FB4EB34 Ambivalent
No heatmap for  ARA5LDY1187FB4DD2E Ryoji Ikeda
No heatmap for  ARXVJVB12509415323 Eulogio Peraza
No heatmap for  ARSZWBU12086C17552 Except The General
No heatmap for  ARZ2F321187B9AC874 Kevin Bowyer
No heatmap for  ARFRVK81187B98A52A Ignacy Jan Paderewski
No heatmap for  ARRUOEJ1187B9A0D8C Charles Peguri
No heatmap for  ARNRKTP1187FB4CF37 1_000 Homo DJ's
No heatmap for  AR7WAVX1187FB554FA Lusine ICL
No heatmap for  ARHQSVE11F50C4C0A1 MTW
No heatmap for  AR7DK3D1187B998C26 Adam Sheridan
No heatmap for  ARQAWKF1269FCD84F2 Dorantes
No heatmap for  ARWBG4X1187B9A8B82 Astral Projection & MFG
No heatmap for  ARVYGGI123526A079C Vitalis Popoff_ The Wamer Brothers
No heatmap for  AR2N52B1187B98D936 Fat Jack
No heatmap for  ARBMMPE1241B9C603B Stevie Joe
No heatmap for  AR2LMRO1187B9A3A28 Los Pinguos
No heatmap for  ARMTAFH12802FDD981 Niki Gratrix
No heatmap for  ARI20WR1187B99C9E0 Basque Dub Foundation
No heatmap for  ARYHOSN1269FB272AE Mädchenkantorei des Rottenburger Domes
No heatmap for  AROZDNJ1187FB3E532 Steve Poindexter
No heatmap for  ARIOADI1269FCD10FB Tadi & Nv
No heatmap for  AR6N24R1187B99A3B2 Chris Phillips
No heatmap for  ARMNRYU11F4C841747 Stereophonic Space Sound Unlimited
No heatmap for  ARZKBFL1241B9CC1B6 Walter van Hauwe
No heatmap for  ARRXDXI12454A47476 Nosaj Thing
No heatmap for  ARYFSUP12509411DD8 Coro De Monjes Del Monasterio De Silos
No heatmap for  ARBNYRZ122BCFCAC44 Norman Doray & Tristian Garner Feat. Errol Reid
No heatmap for  ARAVKMS126E2B35F17 Signal B
No heatmap for  ARXA00H1187FB5741F Professor Angel Dust
No heatmap for  ARSH8IM1187FB37533 Ken Johnson
No heatmap for  AR7GY4W11C8A415723 Fernando Albuerne
No heatmap for  ARHXSLK1269FB35A67 Teckno Killers
No heatmap for  ARNURPJ1264D13541E George Johnson y Su Orquesta
No heatmap for  ARIVVBN11F4C846C66 Bob Curtis Trio +2
No heatmap for  ARYZ9851187B9B05F0 Sear Bliss
No heatmap for  ARADQMM12420781250 Jack Dangers
No heatmap for  ARI52LW1187FB4150A Nile Rodgers / Roy Hargrove / Money Mark
No heatmap for  ARZBBKO1269FB34872 Etxekoak
No heatmap for  AROMHTE11F919A75EC Pheek
No heatmap for  ARUTCX41187FB43DF8 Jesse Somfay
No heatmap for  ARB5I001187B99263E Boiler Room
No heatmap for  ARBVMBU1187B999FA1 Sherman Irby
No heatmap for  ARP09HW1187B9AE6A7 Sir Lancelot
No heatmap for  ARS3LNB1187FB37DC3 Wighnomy & Robag Wruhme
No heatmap for  AR3A0811187B99F32D DJ Fist
No heatmap for  ARYDSAU1187FB39228 Gordon Hempton
No heatmap for  ARYCPG41187B9B8B5E Quintron
No heatmap for  ARO26EX1187FB4B832 The Nightshift
No heatmap for  ARIVMWW1187B99DADE The Late Show
No heatmap for  AR3I3FO11C8A42280C Alvarenga & Ranchinho
No heatmap for  ARJHWXU1241B9C45ED Trieb
No heatmap for  ARGXOKF1241B9C96F7 Zeta Funk
No heatmap for  ARZDXXL126E2B3D2CF Sergio Gruz Trio
No heatmap for  ARPJOTD1269FB3359D Electric Delight
No heatmap for  ARQ5KUS1187FB40A97 Gaiser
No heatmap for  ARDH5TA1187B99BCE9 Hawnay Troof
No heatmap for  ARXF2841187B9ADB7B Dave Brock
No heatmap for  ARXVQCR1269FCD0F28 Mediterraneo Group
No heatmap for  ARAJMSE12454A4CC02 Schola Gregoriana De Barcelona & Ramon Moragas
No heatmap for  ARCEGT91187FB38CF3 Das Bierbeben
No heatmap for  AR7NUG91187FB5151A Nigel Kennedy
No heatmap for  ARB5CFY1187FB5B884 Desmond Baker and the Clarendonians
No heatmap for  ARYMJAN11F4C842896 BC400
No heatmap for  ARLOW6611C8A415DC2 Dyor
No heatmap for  ARKMFLQ122988FD982 The Biscuit Brothers_ The Wild Basin Winds
No heatmap for  ARDIPHC12454A3D6C3 Jacky Terrasson/Cassandra Wilson
No heatmap for  ARVUD6U1187FB49579 Terry Hunter
No heatmap for  ARYZDTM1269FCD1D19 Zaraus
No heatmap for  ARW4UG61187FB434ED Christopher West
No heatmap for  AREZBKV1269FB357CE Eddy.T
No heatmap for  ARWZTJY1187B99D0C7 Fess Williams & His Royal Flush Orchestra
No heatmap for  ARIGFX81187FB583CA Fran Rodgers
No heatmap for  ARDUQER11F50C4D29D Tuija  Hakkila (Fortepiano)
No heatmap for  ARN6GPK1187FB3CD2C Barrington Spence
No heatmap for  ARGKUHY11F50C4C2FE Katherine Cornell
No heatmap for  ARJ51CQ1187B99A828 Armando Trovajoli
No heatmap for  ARBQAYQ12454A483D9 RIAS Sinfonie-Orchester Berlin /Ferenc Fricsay
No heatmap for  ARA2LR91187B99E2B5 Susanne Brokesch
No heatmap for  ARFZV121187B99C0C4 James Asher
No heatmap for  ARDUCUI1187B98DA6D Lenny Fontanna
No heatmap for  AR40J801187FB36D4D EC50
No heatmap for  ARO75VZ1187FB431F8 I Marc 4
No heatmap for  ARELNLF125094113DD Blue Collar Comedy Tour Rides Again Soundtrack
No heatmap for  AR581631187FB56965 DI MIRO'
No heatmap for  ARYQDGY12454A4D8F1 The Choir Of Benedictine Moniales From The Abbey Of Sainte-Marie Des Deux-Montagnes
No heatmap for  ARS3EBV1187B9B8992 Steve Roach and Kevin Braheny
No heatmap for  ARXUSHM1241B9C89E9 Intensa Music
No heatmap for  ARSJPKH1264D130322 Modern Beat Orchestra
No heatmap for  ARLWXQK11F50C49861 The Munted Connection
No heatmap for  ARZD2IU1187FB4D51E George Noble
No heatmap for  ARDSWWZ1187FB4D18F Bjornemyr
No heatmap for  ARBJGUA1257509D531 Paul Derrett
No heatmap for  ARBWTBE1264D12DF17 C-Murder And Mystikal/Silkk The Shocker
No heatmap for  ARHHTPA11F4C83D439 Gustav Mahler Jugendorchester/Franz Welser-Möst
No heatmap for  ARZWRPZ1187B9AE856 Wolfgang Hohlbein
No heatmap for  ARL8HLV1187B9B2BAA Real Estate Records
No heatmap for  ARTDMKM1241B9C3F0A Zen Lounge Masters
No heatmap for  ARXAV1H1187B9966AB Darzamat
No heatmap for  ARV0SJQ1187FB3E7E9 CiuPy & Andras
No heatmap for  ARXPJFM1187B995379 King Gordy featuring Banzi_ Proof_ T-Flame_ Young Breed
No heatmap for  ARJFQNP11F4C8447CC Konrad Plaickner
No heatmap for  ARWVZLL11F50C4EBA6 Scarling
No heatmap for  AR6IAL41187B9B2A92 Quantom
No heatmap for  AR08H5I1187B99969F Hans Paetsch
No heatmap for  ARGOPFA11F4C84679F Oum Kalthoum
No heatmap for  ARMJDAB119B86697A0 Olav Brekke & Sideshow Jøgge
No heatmap for  ARVUK8D1187FB4C0A6 Substance & Vainqueur
No heatmap for  ARKAWLX1187B98FEE8 Noa Assembly
No heatmap for  ARRFL4B1187B9B3526 L. A. Tom
No heatmap for  ARWTRXQ126E2B3D431 Benoist Pipon
No heatmap for  AROHNO71187FB44B23 Vaea Vahinemoea-Bakker
No heatmap for  ARXOS7D1187FB5ABBD Florence
No heatmap for  ARGMEAN11E2835F1BF Patrice Scott
No heatmap for  AR8Y8T31187FB48D7A Shameless
No heatmap for  ARWLUUA1269FB36F96 Antonymes
No heatmap for  ARWR2BE1187FB3DCDB Guardiões Do Subsolo
No heatmap for  ARJF2TF1187B9A81BE Arthur Bliss
No heatmap for  AREE31R1187FB3698D Ruby Murray
No heatmap for  ARFSDUP1241B9C4899 Carl T SPRAGUE
No heatmap for  AR2GBBO1187B99089B Nest
No heatmap for  ARXRDJT1187B98C3D4 Atmosphere Collection
No heatmap for  ARG76ZR1187B99318C Brainwave Mind Voyages
No heatmap for  ARYOGQQ12420780510 Brian Schober
No heatmap for  AR96XHV1187FB46387 Stars on 45 feat. Discomaniacs
No heatmap for  ARB983X1187FB4C2B7 Dr. Isaiah Ross
No heatmap for  AR3BEJB1187B9A7F32 Sølvguttene
No heatmap for  ARPBCTE1187FB386E9 High Violets
No heatmap for  ARQQKNA12509412FFF Inga Nielsen - Robert Hale & The Danish Radio Concert Orchestra
No heatmap for  ARXSK5R1187FB3A04F Community Housin
No heatmap for  ARB2BK71187FB38062 Dougie Pincock
No heatmap for  ARKLJET1269FB35CB3 Chicago House Syndicate
No heatmap for  ARI9LDW1187B9B0353 The Tobacconists!
No heatmap for  ARAALRH1269FCD2B12 Tannerlogue
No heatmap for  ARXHINA1187B995D79 John Starlight
No heatmap for  ARIXXLP11F4C8405C2 The Tenors
No heatmap for  ARVPBGC1187FB39686 Sweep The Leg Johnny
No heatmap for  ARAJEEP1242077E49C Lost Reflection
No heatmap for  ARGXWSO12420782094 Gibus
No heatmap for  ARHGPNZ1241B9C5E73 Kevin Derring
No heatmap for  AR200AO1187FB381EE Serge Perathoner & Jannick Top
No heatmap for  ARRKMLG1187B9A6063 Neuropa
No heatmap for  ARTRRBO1187B99BBCF Glowing Glisses
No heatmap for  ARALQO51187FB56940 Jimmy James
No heatmap for  ARWONLE11F4C84325A Rich Dolmat
No heatmap for  ARR9P291187B9A0EAA 4 Wings
No heatmap for  AR4HTRH1187B9A8C7F Banbarra
No heatmap for  ARHLCXW122ECCB7DCE Sound FX
No heatmap for  AR01ZGX1187B99C7B1 2 By Bukowski
No heatmap for  AR5K48U1187B9B3940 Hartfield
No heatmap for  ARX1K191187B992317 Run Stop Restore
No heatmap for  ARDWIBV1269FCD1216 Fokko Versloot
No heatmap for  ARB5UQO1187B9B0522 Kevin Over
No heatmap for  ARSLXAV1252CCFA566 Güzzernich-Orchester_ Wolfang Sawallisch_ George London_ Herbert Schachtschneider_ Zoltan Kelemen_ E
No heatmap for  ARTJSPC1187FB3C197 Dirty Danger
No heatmap for  ARJMYVY11F4C848427 Isadar
No heatmap for  ARLUTY81187FB42E92 Methodrone
No heatmap for  AROLXOQ11F4C84433C Donna Rhoden
No heatmap for  ARYFIWW1269FCD62CF The Carl Stalling Project Vol 2
No heatmap for  ARAARMZ1187B9B5305 Babies From Gong
No heatmap for  ARPXXCF122988F0846 The Trouble With Larry
No heatmap for  ARU94WM1187B9A5641 DJ Friction & Nu Balance
No heatmap for  ARHDVJS1269FB2719A Maethelvin
No heatmap for  AR49KZV1187B9B5145 John Acquaviva
No heatmap for  AR1XKFW1187B9994D4 The Har-You Percussion Group
No heatmap for  ARV4VSQ1187FB44F92 Barry Dransfield
No heatmap for  ARLUDLW1269FCCE066 Puffy Areolas
No heatmap for  ARHMSVZ11F4C83BF12 Tara King Th
No heatmap for  ARH79BN1187B9A33BA Theo Beckford's Group
No heatmap for  AR9VPYX1187FB4E184 Birgitte Grimstad
No heatmap for  AR60WRL1187FB3BD11 Carmen Piazzini
No heatmap for  ARGDUTG11F4C847063 Hungry March Band
No heatmap for  ARQTCMI12086C12BDA Chet Atkins & Jerry Reed
No heatmap for  AR3V53N1187B98ADF4 Kathy Linden
No heatmap for  ARZIGPV11F4C83B72A Eternals
No heatmap for  AR40BA31187B9AE27B Dettinger
No heatmap for  ARWYOBJ1187FB3DB5C Ming & FS
No heatmap for  ARBSU5E1187B999F8F Sleeping Dogs Wake
No heatmap for  ARZEUZE12802FDFC25 Sheihk Abdel Rahman Al Sodais
No heatmap for  ARKSWBC1187B995D93 Hanayo
No heatmap for  ARZFBTB12509416B42 Sozonov & Lera
No heatmap for  ARBMIGF11F4C840633 Scifi
No heatmap for  AR4YEQ71187FB49335 Osmo Vanska
No heatmap for  ARMWA621187B9AE801 Warlords of Pez
No heatmap for  ARXBPB91187FB444F0 Mike Dearborn
No heatmap for  AR3B8WZ1187B98A7F9 Cullera
No heatmap for  ARUKQSG122988FD028 Rockford Kabine
No heatmap for  ARGCOJO11F3462EBFF Incredible Bongo Band
No heatmap for  ARM11OZ1187B99072D Georges Guétary
No heatmap for  AR1DR9I1187B989288 Leroy and The Drivers
No heatmap for  ARRFXYZ11F50C4FB5D New Mtiebi Ensemble
No heatmap for  ARQYB8N1187FB4AF59 Freakx Brothers
No heatmap for  ARAQAFD1241B9C8AF0 The Maui Men
No heatmap for  ARAFZWW11F50C49971 DJ Zig Zag
No heatmap for  ARTVGSP11E2835E188 Armen Stepanyan
No heatmap for  AR717LH1187B98FA15 Azucarado
No heatmap for  ARMEUN61187FB430CB Impatient Youth
No heatmap for  AREPMKV12086C1184E Nick Zero
No heatmap for  ARRHHRI1187B9A23B0 Jedi Knights
No heatmap for  ARO5LVL11C8A42B720 Clouded Leopard
No heatmap for  AR0TM6R1187B9A7D20 Regina Music Box
No heatmap for  ARW7Z1F1187FB56CA6 Adam Beyer & Joel Mull
No heatmap for  ARQHKBR1241B9C553D King Junior XL
No heatmap for  ARRLH7L1187B9B50B0 Koppen
No heatmap for  ARFTCMP122988FFE75 Dimitri K
No heatmap for  ARRQDLF1269FCD1DA6 Jambassa
No heatmap for  AR6GPBJ1187FB599EE Schola Cantorum Copenhagen
No heatmap for  ARCIRGH1187B99F201 Lance Fortune & The Firecrests
No heatmap for  ARAYX1C1187B9AE7FD Toxic Bass
No heatmap for  AROKQWK11F50C4BEB9 Impact Allstars
No heatmap for  ARSHZUL1187B99F152 Remove
No heatmap for  ARZFVAL1242077FCE2 Gwendal
No heatmap for  ARYRXUD1187B9A3B9E King Horror
No heatmap for  ARRRQCE1269FB36C1A Level O Mania
No heatmap for  ARDNNPW1187FB43DEE Tim Eriksen & Riley Baugus
No heatmap for  ARYLUYD11F4C8476D5 Men of Blackburn Cathedral Choir
