INFO: localdir at /scratch/141702.crottondi
INFO: your job will run on local system.
/home/crottondi/PIRISI_TESI/MSD_Environment/SBATCH_SCRIPTS/4_TO_PKLS
No heatmap for  AR62OVB1187FB48D09 H.O.S.H.
No heatmap for  ARFYSWI1269FB33592 Exec Bat
No heatmap for  ARSX4WZ1187FB3B210 Elias Damian
No heatmap for  ARTB56G11C8A41569D Sven Tasnadi
No heatmap for  ARPQ2SD1187B99234C Jimpy
No heatmap for  ARFUIFP122988FD87A Tom Hughes
No heatmap for  ARMUC731187B9A172D Azis
No heatmap for  ARYTGKG126E2B42A6D Les Trompettes Du Boute Selle
No heatmap for  ARBON001187B99BAD8 Rudolph Valentino
No heatmap for  ARJTEHO1269FCD6016 Didrik Solli-Tangen
No heatmap for  AR3KNF51187FB41058 Club Moral
No heatmap for  ARN78D01187FB43E24 Walt Dickerson
No heatmap for  ARBOEDU123E26703BA Varios
No heatmap for  ARS3OYO1187B99B8F7 Kolya
No heatmap for  AR8ZTV41187FB3F311 James Scott Skinner
No heatmap for  ARWVPAQ11F4C83D63B Audio Environments & Co.
No heatmap for  AR7N97R1187FB57E8C Pascal FEOS & Marc Miroir
No heatmap for  ARXKQZG1241B9CE41D Gerardo Boscarino
No heatmap for  ARBQJ3S1187FB3A0FA Raudive
No heatmap for  ARJHWGJ11F50C47754 Ensemble Musiques Nouvelles_ Jean Thorel_ Berten D'Hollander_ Nao Momitani_ Jean-Paul Dessy
No heatmap for  AROKEKB1241B9CD15B Pedro Pietri
No heatmap for  ARM29KA1187B989348 A-Turner
No heatmap for  ARPZPET1252CCF9386 Plagia
No heatmap for  AR4DLBR1187B99D5B1 Joram
No heatmap for  AR6F1M81187B99FAE4 Guilty connector
No heatmap for  ARQMOBD128893FDE64 Choeurs Et Orchestre Radio-Lyrique De Paris_ Andre Pernet_ Lucien Lovano_ Solange Michel
No heatmap for  AR21JFF1187B9A5CBA Six Brown Brothers
No heatmap for  ARZICIG122BCFC943E Drokz & Tails
No heatmap for  AR2EM731187B991455 Wojciech Kilar
No heatmap for  ARF0DHM1187B9B6A91 Daniel Bell
No heatmap for  ARK7HOG1187B9A667E Puscifer (MJ Keenan)
No heatmap for  ARVYNKF1272BA83168 Black Devil Disco Club|Quiet Village
No heatmap for  ARXGUZO1187B9AD4A9 Jack Dangers
No heatmap for  ARIJVHE1269FB380A2 Roman Gertz
No heatmap for  ARZCRLQ1269FCCEB72 Liv Glaser
No heatmap for  ARK6R8H1187FB4EF6D Lull
No heatmap for  AREBSCJ1241B9C7BDF Staatskapelle Dresden/Herbert Blomstedt
No heatmap for  ARIH4CE1187B9AECA0 Marc Antona
No heatmap for  AR5YMAY1187B991CAA Levi Smith
No heatmap for  ARQNEUE1242077E001 Sergio Parrado
No heatmap for  ARYRUZQ11F50C4EF49 Jin Song
No heatmap for  ARDO3CS1187FB46493 Donnacha Costello
No heatmap for  ARYKCTW12420781DD6 Schola Gregoriana Mediolanensis
No heatmap for  ARKOQFM11C8A422466 Delta Funktionen
No heatmap for  ARYOCAD1269FB36078 Beata Maria
No heatmap for  ARGAMKT12086C11399 Christian Burkhardt
No heatmap for  ARWEX101187B9B4677 Keith Rowe
No heatmap for  ARVBQH611C8A416001 Miou Miou
No heatmap for  ARCXTIK1241B9C51FF Billy Nasty & Gregor Tresher
No heatmap for  ARTMQZP128893FDC9C Chor des Frankfurter Rundfunks_ Orchester des Frankfurter Rundfunks_ Karl Schmitt-Walter_ Otto Von Rohr_ Felice Hüni-Mihacsek_ Kurt Schröder
No heatmap for  ARYKVSK1187B9B6302 Jacques Gamblin
No heatmap for  ARDMKKB1187B9A0EDA Très
No heatmap for  ARCU3AN1187B989EA0 Bas-Sheva
No heatmap for  ARQCL0E1187FB38365 Cygnus X
No heatmap for  ARNYOXJ1241B9CF0DF Bara Bröst
No heatmap for  ARPHZ9O1187FB3834F The Anxious
No heatmap for  AR9Q21B1187B9AE486 Jane Birkin
No heatmap for  ARXBMQX1242077DFC3 From Karaoke To Stardom
No heatmap for  ARCP8DR1187FB55508 The Remote Viewer
No heatmap for  ARJI4BG1187FB4DE41 Blir
No heatmap for  AR2CDLJ119B3403860 Ian Betts
No heatmap for  ARJUWFW1241B9C7AC7 The Technocinism Of Phunk Investigation
No heatmap for  ARMJZHZ1187B9B02C6 Sebastian Roya
No heatmap for  ARN8B0O1187B9A2ED0 Julia Wolfe
No heatmap for  AR5TVEA1187FB43164 Heartthrob
No heatmap for  AROJM1O1187B9A2B89 Blind Willie McTell & Partner
No heatmap for  ARZRSAT11F4C8429F3 Mhouze
No heatmap for  ARYFH2E1187FB4963E Jevetta Steele / William Galison / Deininger Blasmusik / Darron Flagg / Bob Telson / Jearlyn Steele-Battle / Marianne Sagebrecht / Tommy Joe White
No heatmap for  ARS7HAT1187FB4F1BB Afrilounge & Der Thal
No heatmap for  ARXTYER12086C167DD Audio Pyper
No heatmap for  ARFQTFH1187FB44B1F Tom Wasinger
No heatmap for  ARXUQ9I119B8668E7B Kpt'N Planet
No heatmap for  ARZMOJ51187B9998B2 Stush
No heatmap for  ARODHE71187B9B04B0 Petar Dundov
No heatmap for  ARGP1AQ1187B9992B1 Holger Zilske meets Dave DK
No heatmap for  AR9LWZ21187FB39088 Ces
No heatmap for  AR05XFO1187FB4DAE5 Mat Maneri
No heatmap for  ARFCRLP1187B9A6BDB Judy Garland And Johnny Mercer
No heatmap for  ARLLYRI1187B992421 Shin Nishimura
No heatmap for  ARZ86KP1187FB3FB9D Lee Aaron
No heatmap for  AR1GZB111C8A421C7A Andre Crom
No heatmap for  ARZGZIJ1187FB378DA Superlux
No heatmap for  ARYZQU91187B9ADC43 Lina Sastri
No heatmap for  ARBJWUW12086C116C3 Ronald Christoph
No heatmap for  ARYROAW124207814DE Mox Codeta
No heatmap for  ARYGUUE1187B98990E Traffic Signs
No heatmap for  ARSZONA12086C111E9 Kris Wadsworth
No heatmap for  ARAZWGI1241B9C5A1B Christoph Maria Moosmann
No heatmap for  ARDGPZK11A348EFE3E Uto Karem
No heatmap for  ARBLYAO1269FCCF6FE Atlars
No heatmap for  AREITFM11F4C840F79 Sone
No heatmap for  ARJ472M1187B99965B Alan Howarth
No heatmap for  ARJUYCD1241B9C7D6E Ian Novak
No heatmap for  ARJSUHS12802FDE4C2 David Bingham
No heatmap for  AR0PU521187FB425F5 chapeau claque
No heatmap for  ARGXOW01187FB50208 Goodwill & Tommy Trash
No heatmap for  ARKSSCW122BCFCC43A Julien Chaptal
No heatmap for  ARDBK7R1187FB57488 Piano Tribute Players
No heatmap for  ARYZCXW11F4C83C780 Dyablo
No heatmap for  ARUXTHJ12086C16F62 Format:B
No heatmap for  ARHSNFO1187B993B7C Grant And Wilson
No heatmap for  ARSKHBR122BCFCA9ED Chris Lattner
No heatmap for  ARE6J761187FB3DD8B Sound Navigators
No heatmap for  ARRUIZM11F4C83D9AC Monkeywrench
No heatmap for  ARNM86K1187B99210D Djalma Correa
No heatmap for  ARNYJQH127D395D3D2 Olibusta
No heatmap for  ARZCSWN122988FCD13 Os Gaiteiros de Soutelo
No heatmap for  AROKPWU11F50C48F1B Dennis O'Neill
No heatmap for  ARPRDAM122ECCB8959 Odelia
No heatmap for  ARISIXD1187FB4C4B3 Smartypants
No heatmap for  ARQOI9G1187FB3B39B Katchafire
No heatmap for  ARGRIHK1242077F57F Bob McKenzie / Doug McKenzie
No heatmap for  ARN5WOA1187B99CE54 Evil Superstars
No heatmap for  AR109IQ1187B98E487 JK
No heatmap for  ARVBIAX124549A4854 Lee "Scratch" Perry Featuring Bob Marley
No heatmap for  ARDKFS41187B9B1D3B Endstille
No heatmap for  ARQBVHM1257509D33F Allan Shee
No heatmap for  ARJR2GG1187B98F37A Hayley Mills
No heatmap for  ARPF3QA1187B9994B3 Sista Widey
No heatmap for  ARR0GY01187B9B8CBA Takehisa Kosugi
No heatmap for  ARXAOSP1187B98AE32 Ortho
No heatmap for  ARJD0H21187FB58154 Ghetto Blaster
No heatmap for  ARGFJTR1187FB389C7 Lightman
No heatmap for  ARMDXTU1269FCD3405 Cheeka
No heatmap for  ARWRMEN11F50C4BD18 Elliot Smith
No heatmap for  ARJIJZW1187FB4D4F7 Nest
No heatmap for  ARPWVZ61187FB3D3B2 Format: B
No heatmap for  ARASOUV1241B9C975C Rhian Lois
No heatmap for  AR6UQ8H1187B99DA9E Chacho
No heatmap for  AR87UKK1187B9B00DA Clsr
No heatmap for  ARYNHQF1187B988F25 Lazy Fat People
No heatmap for  AR3L9RR1187FB3D639 Tadeo
No heatmap for  AR95I0U1187B98D05A Morton Feldman
No heatmap for  ARFR1LN1187B99AA24 Goldmund
No heatmap for  ARDMTWN11F4C843DAF Kentucky Flamingo
No heatmap for  AR45G8G1187B9AED09 Mr C
No heatmap for  ARWEWET125094114BB Maarika Järvi
No heatmap for  ARBPSTL1242077E147 Paruz
No heatmap for  AR6LRK5119B8668B9C Rasmus Hedlund
No heatmap for  ARMT0T61187FB395F5 Ultrakurt
No heatmap for  ARYRDWA1187FB54DBE Whysall Lane
No heatmap for  ARIEIJW1187B98F6DD Oliver Kalkofe
No heatmap for  ARORILY12420781766 Jorge Negrete
No heatmap for  AREDOTJ1269FB33AC4 Leandro Finizio
No heatmap for  ARTY1Z81187FB4C590 Dalek
No heatmap for  ARBXXTY1269FCCFBC5 THE DOORS EXPERIENCE
No heatmap for  ARS6V5F1187FB49CE9 Sylvain Chauveau
No heatmap for  ARLIAC81187FB49438 Pietro Frosini
No heatmap for  ARKGWDU12086C144C9 Justin Vernon + Aaron Dessner
No heatmap for  ARN6U9N1187FB4C37E Gosub
No heatmap for  AR9M3701187FB43722 Scan 7
No heatmap for  ARVXWMI11F50C4E69E Meconium
No heatmap for  AR705R91187B99A225 Pikaya
No heatmap for  ARINEKO1241B9CDF16 Johnny Dj
No heatmap for  AR5FH101187FB5C4F1 Byetone
No heatmap for  ARWGTJI122C8674A0F Baird Hersey & Prana
No heatmap for  AREXCUE122988F6D92 Drew Smith and His Band
No heatmap for  ARAKTTI1241B9CC697 Shoshannah
No heatmap for  ARJFKLS1187B9B67D6 Yo Mo
No heatmap for  ARRXCAY1242077F342 Annegret Hartmann
No heatmap for  ARPTV0O1187B99BB21 Richard Chartier
No heatmap for  ARXW3MS1187FB45048 Ny_ Maveric
No heatmap for  ARZJ8801187FB38BE2 Hank Penny & His Radio Cowboys
No heatmap for  ARG4AJ51187B98B40F Technasia
No heatmap for  ARYECRV1269FCD3A38 Mario & Xm
No heatmap for  ARHPOCO1241B9C8A40 The Santa Claus Ensemble
No heatmap for  AR0RNOI1187B99B9D8 The Heinz Funk Electronic Combo
No heatmap for  ARZBO721187B9B29D9 Tito Gobbi/Orchestra of the Royal Opera House_ Covent Garden/Carlo Felice Cillario
No heatmap for  ARBSZGD1187FB566E8 Wots My Code
No heatmap for  ARCUTSH1187B98EEC6 Luzon
No heatmap for  ARTJ0GN1187FB3D500 White & Spirit
No heatmap for  AR3ZP8N1187FB3DEED Anders Ilar
No heatmap for  ARSQXRC122E6447D6F Flying Saucer Attack and Roy Montgomery
No heatmap for  AR3Q7MN1187B9ABD8C Tayo meets Precision Cuts downtown
No heatmap for  ARKULNU11E2835E5A8 TRG & Dub U
No heatmap for  AR9WPOC1187B9A73D2 Tanzmann & Stefanik
No heatmap for  ARWC1IN1187FB36FEC Asmus Tietchens
No heatmap for  ARI1NT51187B9B74C3 Shimura Curves
No heatmap for  AR71Y6P1187B9937FC Husky Feat. Mike
No heatmap for  AR3OUUA1187B9BA26E Dial M. For Moguai
No heatmap for  AR9GOHL119B8668821 High Powered Boys
No heatmap for  ARYDSYH1269FCD64FF Choir of the Abbey of Santo Domingo de Silos
No heatmap for  AR3PCSB1187FB5175C Basic Unit
No heatmap for  AR788XS1187FB4A260 Renato Figoli
No heatmap for  ARBRAGN11F4C845040 Shamrock Singers
No heatmap for  AR82EP71187B998AAE TwoOfUs
No heatmap for  AR2XULG1187B9A87FC Blue Ketchuppp
No heatmap for  ARCJAUP1241B9CA852 Manuel Escacena
No heatmap for  ARVMME91187FB5A5C1 Max Martin
No heatmap for  ARBM8ML1187B9B5C4B Philip Jeck And Jacob Kirkegaard
No heatmap for  ARU39YF1187B9A1659 Joke Jay
No heatmap for  ARSUYRE1187FB4C719 Chet Parker
No heatmap for  ARDKADB124207837C4 Manuel de Lorenzi
No heatmap for  ARRWNKV1241B9CEA9C Jacob Richter
No heatmap for  ARYOLMN11F4C840263 Kenzo
No heatmap for  ARMDZWK11F4C83B635 Blind Willie Mctell & The Regal Country Blues
No heatmap for  ARYPXAH11F4C83F3B7 Chang Hao; Wang Haizuo
No heatmap for  ARG2LYZ1187FB54F12 Evelyne Dubourg
No heatmap for  ARDOREG1187B99506F Otto Virgial
No heatmap for  ARCIGP21187B9AF05F William Basinski and Richard Chartier
No heatmap for  ARMXOAS1269FB35B94 Bass Killers
No heatmap for  ARXWLYQ11F4C8447DC Vector Lovers
No heatmap for  ARDJHNN1187FB42031 John Lennon And Yoko Ono
No heatmap for  AROBWBC1264D13A97E Jon-Jon Funk Phenomenon
No heatmap for  ARSGDCV1187FB36559 Daze Maxim
No heatmap for  ARD3NNI1187FB3708E Solomon Jabby
No heatmap for  ARAKX3J1187B99079A The Softies
No heatmap for  AROOVTH11F4C8423CA Grupo Huave Siete Mares
No heatmap for  ARR84EP1187FB4F700 Synkro
No heatmap for  ARXBHPF12420780D9E Aliénor Voices
No heatmap for  ARVABG01187FB4C890 Kashiwa Daisuke
No heatmap for  AR9ALH21187FB46CA7 Jasper Carrott
No heatmap for  ARNNHKF1187B9B4484 Paul Fried  - Mark Kroll
No heatmap for  AR6VAR71187FB5CE81 Mountain People
No heatmap for  ARDQMUF11F50C4BEBA Horace Andy
No heatmap for  ARAYBRL122988F00AC Cesar Garcia & Frank Garcia
No heatmap for  AR6KZXP1187FB48DFA Josep Vicent_ Josep Vicent_ Amsterdam Percussion Group_ Amsterdam Percussion Group
No heatmap for  ARG3VRT1187FB54EB9 The Green Martian
No heatmap for  AROL8YX1187FB424B9 Guilty Simpson featuring J-Hill_ Proof
No heatmap for  ARDQAVA11F4C848356 Briddes Roune
No heatmap for  ARNNEZJ12086C118E5 Deacon Boombastardizer
No heatmap for  ARNQDWC1187B9ACCEE Jefre Cantu-Ledesma
No heatmap for  ARRDEF41187B98B093 The Method
No heatmap for  ARM2HTZ1187FB4D358 Tracie Thoms & Zoe Bell
No heatmap for  ARVDJAF1187FB57AD8 Noel Sinner
No heatmap for  ARXORXQ1241B9CC3D6 Blaskapelle Herbert Ferstl
No heatmap for  ARLHTCM1241B9CA463 Saint VII
No heatmap for  ARRIUTU1187B9AFB08 John Foxx & Harold Budd
No heatmap for  ARKJ74H1187FB518F0 The Dreams
No heatmap for  AR9NO9P1187B99F57D Buchanan & Goodman
No heatmap for  ARIZRWY1241B9CD39B Leghau
No heatmap for  AR1RTHC1187FB470D8 Gustaf Hildebrand
No heatmap for  ARCBDYS1187B99F3DF Collectors
No heatmap for  ARDWKOH119B8668057 Giles Smith Presents Two Armadillos
No heatmap for  AR7ROHY1187FB46732 Charizma & Peanut Butter Wolf
No heatmap for  AR2830E1187B9B0362 Kim Cascone
No heatmap for  ARFIAVM1269FB34E0E Cliff Brunner
No heatmap for  ARFVIEC1269FCCEE58 Severin Blazer
No heatmap for  ARF08S41187B992B72 Urinals
No heatmap for  AR9BQ911187FB461A8 Kane Roth
No heatmap for  ARCDXKO124207827D2 Luc Urbain
No heatmap for  ARHF8MZ1187B98E377 Didier Sinclair
No heatmap for  AREJWQO1269FCD13DA Robert Hein
No heatmap for  AR6OGNL119B8668088 Chris Lake and Sebastien Leger
No heatmap for  ARQMNZC1241B9C4E4A Dabeat Fernandez
No heatmap for  AR11KCD1187FB5C38A Serdar Somuncu
No heatmap for  ARRYWPW1187FB526DF Ah*Nee*Mah
No heatmap for  ARKPEQP1264D12DEEC Isabel Jay
No heatmap for  ARMB9A81187FB4EA6A Komonazmuk
No heatmap for  ARTYMXE12086C16EBE Rowald Steyn
No heatmap for  ARS2UFD1187FB42CDF Pantytec
No heatmap for  ARAJXQT124207804F0 Pepe Garsia
No heatmap for  AR2PXIR1187B9A6EB1 Bad Man
No heatmap for  ARSPXOG12454A3DB02 Jelly Roll Morton's Incomparables
No heatmap for  ARR7LDJ1187FB57169 Malaria! vs Chicks On Speed
No heatmap for  ARHDYE21187FB4004F The Mighty Boosh
No heatmap for  ARDGJBC1242078210F Pako Parisi & Max Ramaglia
No heatmap for  AR45C8W1187B98DA1D Fletcher Henderson & The Dixie Stompers
No heatmap for  ARMGTKA1257509DC78 Mo Digital & Rutte
No heatmap for  ARELYDH1187B990E2D Kenny Arkana
No heatmap for  ARWTZYH12454A387B1 Hannes Schoeman en die Rooidag Boereorkes
No heatmap for  ARCKLOY1241B9CCD1B Shounak Abhisheki
No heatmap for  ARSXECA11F4C83D67F Choeurs Et Orchestre Radio-Lyrique De La Rtf_ Berthe Monmart_ Georges Jouatte_ Christiane Gayraud
No heatmap for  AROZ2MO1187B98EA92 La Cliqua
No heatmap for  ARM7XW21187FB57894 PPK
No heatmap for  ARWCTJO1269FCD287D Junior Clan
No heatmap for  ARCJDKW11E2835C871 Stenchman
No heatmap for  ARTWBDS1269FCD0775 IV
No heatmap for  AR0Z1981187B9B0442 MADE & SAX featuring MICHELLE WEEKS
No heatmap for  ARYFNLQ1187B98C5D5 New York Philharmonic;Leonard Bernstein
No heatmap for  ARGSTAX122ECCB80A3 Distrakt
No heatmap for  AR94BQ4119B86680A8 Dean Newton & Huggy
No heatmap for  ARU9TUO1187FB4FE98 Hans Joachim Roedelius
No heatmap for  ARYPJH01187B9A3592 Les Aristos
No heatmap for  ARHRGFL1187B99BC65 Joe Cassano
No heatmap for  ARYZHJG124207821B8 DJ ReMix Factory
No heatmap for  ARD1D3R1187B9B3847 Doru Apreotesei
No heatmap for  ARYDJJW1187B9B5E86 Andre Kraml
No heatmap for  AR4AF7D1187FB48AFA Hopen
No heatmap for  AROJLNX1187B995E0C Hacker
No heatmap for  ARIQDUQ1241B9CE588 Liu Baorui
No heatmap for  ARJQWUH1187B990BD9 Drum Cult
No heatmap for  AR97TAO11C8A41567A Whizz Vienna
No heatmap for  ARC2F7B1187FB4A977 Danilo Vigorito
No heatmap for  ARXEJ1H1187FB4E498 Paal Nilssen-Love
No heatmap for  AR5QGKV1187B98A5AA Nunca
No heatmap for  ARYRMTI1242077FE20 Kawabata Makoto & The Mothers Of Invasion
No heatmap for  ARAJTGZ1187B9A47C5 Umbrella
No heatmap for  ARV693L1187B9A6F75 Budapest Klezmer Band
No heatmap for  ARVJJ1811C8A42D7B2 Kriss Raize & Mr Snob
No heatmap for  ARQUAS91187B99AE28 Dixon's Jazz Maniacs
No heatmap for  AR2YY1B1187FB41C7C Joe Locke
No heatmap for  ARZLNLI122988F4622 The Soul Academy
No heatmap for  ARB3AZM1187B9B67C6 The Three Tenors
No heatmap for  AR8H30B1187B9923B8 Jack Malmsten
No heatmap for  ARSFEGD11E2835D57D Tom Dazing
No heatmap for  AR3F1761187FB4DF72 Two Daughters
No heatmap for  ARJSLQM11F4C841689 Amélie les Crayons
No heatmap for  ARFLG0Y1187B98EB58 Bjoern Stolpmann
No heatmap for  ARGMIUJ122BCFCAF63 Alex Cappelli
No heatmap for  ARGMHOC1269FCCED27 Agnar Mykle
No heatmap for  AROVY3E1187B9A8982 Oscar Peterson / Milt Jackson
No heatmap for  AR69FFT1187FB40242 Martin Hannett
No heatmap for  AR9JDH11187B99FB29 Mc Jig
No heatmap for  ARTXDMA1242077E3DD Ray Okpara
No heatmap for  ARKW21K1187B994132 George "Bullet" Williams
No heatmap for  ARYZRXS1269FCD83D6 Lito y Manolo - The Gypsies
No heatmap for  AR3HS3V1187B99830E Lockweld
No heatmap for  ARNURMM122BCFCCC6A King Tubby's / The Aggrovators
No heatmap for  AR50MBT11C8A415905 Samuli Kemppi
No heatmap for  ARXZAPI12454A434CA Miguel Aceves Mejia;Mariachi Vargas De Tecalitlan
No heatmap for  AR7IX9N1187B9A104D South Rakkas Crew
No heatmap for  AR5XVWM1187B997F8B Mabe & Mave
No heatmap for  ARPGT471187B9AB1E1 Soldout
No heatmap for  AR0R9HM1187B9AE930 Martin Carthy & The UK Group
No heatmap for  ARBECWB119B3402DD9 Le-Cantin
No heatmap for  ARHPKRO1187FB3A682 Etta Baker
No heatmap for  ARS6EZ11187B98F854 St. Petersburg Balalaika Ensemble
No heatmap for  ARXS09T119B8668A92 David Labeij
No heatmap for  ARFULUG1272BA849E4 Coro e Orchestra del Teatro dell'Opera di Roma
No heatmap for  ARIJSXC122BCFC8E0D Boothby
No heatmap for  AR1IAWL11C8A42249D Te Deum
No heatmap for  AR33LRT1187B9B607B Art van Damme
No heatmap for  ARYV2UE1187B9AF02C Masonna
No heatmap for  AROA8CT1187FB41C21 Sleep Research Facility
No heatmap for  ARBPCVF1242077F015 Mr Shuffle
No heatmap for  AREMKW41187B9B57C8 Grey Daturas
No heatmap for  AR6ZNHQ1187B9B0E32 Steven Liquid
No heatmap for  ARWKX0Z1187B9A10A2 Neka
No heatmap for  ARE2W9N1187B98B08F Jus Ed
No heatmap for  AROK5G61187B98B8D7 Steril
No heatmap for  ARYISPU11F50C4A6B8 Beto Bertolini
No heatmap for  ARHBC9K1187FB5777E Boris Gardiner / The Love People
No heatmap for  ARTB7921187B98A2E3 Bass 305
No heatmap for  ARPPROG1187B9AA097 Patrick Chardronnet
No heatmap for  ARFMETQ12420783311 Adu
No heatmap for  ARERRXE12086C136CA Cripple Clarence Lofton
No heatmap for  ARACCDJ126E2B34B68 Les Trompettes Du Boute-Selle
No heatmap for  ARUZF2M1187FB39782 22 Metre Band
No heatmap for  AR2VEXN1187FB43C43 Stone Cold Steve Austin
No heatmap for  ARJLGUY1264D12DFA0 Jed Davenport & His Beale Street Jug Band
No heatmap for  ARQQZWK129CDBF0799 California Swag District
No heatmap for  AR3BI7L1187FB3C2CF Impact Allstars
No heatmap for  ARELRBG11F4C84188B Toni Giménez
No heatmap for  ARYQCDP1241B9C76A8 Big Box
No heatmap for  ARFUCHF1242078016E Patrice D'Angelo & Nick Holson
No heatmap for  AR1A9UU1187B9910E7 Ian Campbell Folk Group
No heatmap for  ARPXSTW121318C558B Michael Pan
No heatmap for  AR3S0D31187FB5A422 Grupo De Experimentacion Sonora del ICAIC
No heatmap for  ARCWRWW1187B98E207 Homer
No heatmap for  ARKIUST11F50C4CDE4 Extra Glenns
No heatmap for  AR1MJ8V1187FB38628 Rockabye Baby!
No heatmap for  ARKVHJ71187FB4CA70 Ozzie Nelson & His Orchestra
No heatmap for  ARX2AL51187B98979E Magic Mushroom
No heatmap for  ARXYRZB1187B99C36D Radici nel cemento
No heatmap for  ARWLGDN1187B9969FD The World Players
No heatmap for  ARXJELW1187B9AD5EB Wylde Ratttz
No heatmap for  AR6ZEIX1187FB3FD26 Charlie "Bird" Parker
No heatmap for  ARUSXDV1187B9A2C15 Kazumoto Endo
No heatmap for  ARYFVBY11F50C4FB7F Patriarch's Choir
No heatmap for  ARFUPNL122BCFCC77B Agev Munsen
No heatmap for  ARVISJ71187FB3A107 Oliver Ho
No heatmap for  ARKOAHZ11F4C84496D Korai Öröm 2005
No heatmap for  ARRXA5W1187FB3605C Tav Falco's Panther Burns
No heatmap for  ARZFEXU11F50C495DA I Solisti Aquilani
No heatmap for  AR4VNSQ1187B999ADB Kerith Ravine
No heatmap for  AR2UVTU1187FB4EFF9 Joja Wendt
No heatmap for  ARVDAWT11F50C5023F Audio Injection
No heatmap for  AR33Z9V1187B99DF91 Debmaster
No heatmap for  ARA7NOX1187FB40EFB Stunna_ Y.S. the Thizz Kid
No heatmap for  ARU48US1187FB4D407 Aphrohead
No heatmap for  ARN6TEU1187FB40098 PFL
No heatmap for  ARWAXQI1187B9AD0C7 Kango'S Stein Massiv
No heatmap for  ARQENAA1187FB3C5E0 Dj Moodie Feat. Skinnyman And Thre
No heatmap for  ARRM5EH11C8A42B718 Discover The Classics
No heatmap for  ARITL7J1187FB3D161 The G.G. All Stars
No heatmap for  ARCOXNG1187FB37D9C Michelle Lindahl
No heatmap for  ARUXTCC1187B9968B6 DJ Flanger
No heatmap for  ARUZDXW1241B9CC2E5 Tony Kosa
No heatmap for  ARQR2JB1187B9B136C Peter Alexander
No heatmap for  ARYJ0AP1187FB5CE44 Joe Gibbs
No heatmap for  AR4GH931187FB4C533 Thee_ Stranded Horse
No heatmap for  ARJBHVQ11F50C50535 Space Cadets
No heatmap for  ARRL4KU1187FB48B59 Aki Latvamäki
No heatmap for  ARBJXZG12131B4B657 The Dwarf Chorus
No heatmap for  AR6BKZL119B86680F6 Captain Twang And His Rhythm Cat
No heatmap for  ARQARJN11EBCD75148 Round Table Knights
No heatmap for  AR7E7GC119B8668FFB Electricano
No heatmap for  ARYL5JR1187FB38B56 Jürgen Paape
No heatmap for  ARIOKDU1264D12B3E6 Jelly Roll morton's Kings Of Jazz
No heatmap for  AR888I11187FB3F882 Silent Breed
No heatmap for  ARAUAET11F50C50D94 Busdrivers
No heatmap for  ARAUXPQ1187FB562A2 L'Oeuf Raide
No heatmap for  ARTPXHH1187FB3A2BB Marek Bois
No heatmap for  AROK2FS1187B9928CA ...But Alive
No heatmap for  ARAHZAP1187B9A0E5D Dolphin
No heatmap for  AR2NZEG1187FB47923 Jaiden
No heatmap for  ARLLXGO122BCFC941F Zombie Disco Squad
No heatmap for  ARN3K2X1187B9AB02F Grupo Maravilla
No heatmap for  ARIBDYC1241B9CA1A1 DJ Chriss B
No heatmap for  ARYW4LL11C8A415964 Jérôme Richard
No heatmap for  ARM67P71187B9AD5A0 Coroner
No heatmap for  ARZCVRJ1187B989BC7 Hole In One
No heatmap for  AR5GN531187FB5092D Max Duley
No heatmap for  ARSENJB11F4C8424C0 Edit Select
No heatmap for  ARRJ9KU1187FB498A6 Brahmasonic
No heatmap for  ARGCIEH1264D13A784 Pompey Fans
No heatmap for  ARLYWH31187FB45B32 Angus MacColl
No heatmap for  ARISIF01187FB3A62F Pablo
No heatmap for  ARE4RVA1187B9ABBD2 Boogie Drama
No heatmap for  AR53E9W1187FB49D53 Kev Brown
No heatmap for  AR7C37I1187FB42FC1 Markus Becker
No heatmap for  ARWTRVT1241B8B9D59 Benjamin Ma
No heatmap for  ARXLDRI12454A522BB Trappist Monks of the Abbey of Gethsemani
No heatmap for  ARHNIAG1187FB56459 Ortsen
No heatmap for  ARGXV9V1187B9A838E The Management
No heatmap for  ARXFVLP12086C14A5E Looking Forward
No heatmap for  AR097XO1187B9B2986 Addis Ababa Children
No heatmap for  ARP0XKX1187FB5AD94 Barcelona
No heatmap for  ARIRMTQ122BCFCC232 Phunk Investigation vs 2 In A Room
No heatmap for  ARCLULU1269FCD1240 Antoine Godard
No heatmap for  ARYJNWV1257509E114 Los Cardenales Del Exito
No heatmap for  ARIKEYC1269FB336BA John Smorto
No heatmap for  ARWOLJM12509415E8C Obaid Hareb
No heatmap for  ARGHGLU1187FB393DF James Carter and The Prisoners
No heatmap for  ARYBIDU1241B9CCA97 Bush Chemists
No heatmap for  ARPNKMY1269FCD394C Fuzzy Hair vs Robbie Rivera
No heatmap for  AREKXYF127BF5F157C Jackie Mason
No heatmap for  ARI5EBX1187FB38451 Jerome Sydenham_ Kerri Chandler
No heatmap for  AR0MQVW1187FB51441 Samuel L & Martin H
No heatmap for  AREYKRT1187B99456E El Loco Gringo
No heatmap for  ARA9NNE1187B98C14E The Tantra Monsters
No heatmap for  ARGYYOF1269FCD5D7A Jeroenski ft. Jerique
No heatmap for  ARQJ0D21187B9AE588 Jody Diamond
No heatmap for  AR126QZ1187FB3A2B0 Maurizio Gubellini
No heatmap for  ARTPDAB11F4C843A2E Swat Squad
No heatmap for  ARFXKMI1187B990841 Sounds Of The Earth
No heatmap for  ARI3ZI21187B988D04 Ya Ho Wa 13
No heatmap for  AR6T31R1187B9945DD Helmut Zacharias - Geige Violin - And His Orchestra
No heatmap for  ARDHE431187B98A468 Blind Leroy Garnet
No heatmap for  AR7GQI01187FB402ED Sweet Juice
No heatmap for  ARMSNYY11F4C83B315 Schniner
No heatmap for  AR028WM1187FB3DADB Jon Silva
No heatmap for  ARO939L1187FB36DA4 Os Gatos
No heatmap for  ARAJDGD1269FCD660B Carlos Albrecht
No heatmap for  AR1IVTS1187B99523E Young Lords_ Kites_ Prurient
No heatmap for  ARKGF0B1187B9B1CA5 Francisco Lopez
No heatmap for  AR9C63B1187FB4B209 Werner Pirchner
No heatmap for  ARYOOLB12802FDF092 Constar
No heatmap for  ARZW2J71187FB39FC5 The Square Root of Evil
No heatmap for  ARMXLX911C8A42BDFA Moritz Piske
No heatmap for  ARAUF5Z1187FB3F5CD Clear Static
No heatmap for  ART3PTD11C8A416669 Guido Negraszus
No heatmap for  ARH6ASZ1187B99A6E5 Knights Of The Turntables
No heatmap for  ARNNVFJ11F4C8456C4 Ahmed Ahmed
No heatmap for  ARJUHI8119B8669B74 Walt Whitman
No heatmap for  ARMAVZ91187B9B2888 Scat Rag Boosters
No heatmap for  ARRQFAB12509414D22 Sweet Georgia Brown
No heatmap for  ARQVOE41187FB3F566 Nordvargr/Drakh
No heatmap for  ARLRRUM1187B9AEE65 Tune Wranglers
No heatmap for  AR284O11187B9B156C Jessica Bailiff
No heatmap for  ARPRIUW11EBCD7B763 Craig D'Andrea
No heatmap for  ARE9XAK1187B9A2895 Voodoo J
No heatmap for  AR56OVU1187B989698 Jocelyn Enriquez
No heatmap for  ARYCLIU1187FB3614B Loefah & Skream
No heatmap for  ARAARS71187B99F437 The 1200 Warriors
No heatmap for  AR7ZPF71187B98B88B Lunar Bear Ensemble
No heatmap for  AR3OJOL1187FB51D5B Amu
No heatmap for  ARTDFG01187FB39840 Boyd Rice/Frank Tovey
No heatmap for  ARZPBUB12420780D55 DJ Boogie
No heatmap for  ARBGC0M1187B98CE96 Cold Storage
No heatmap for  ARY0KC31187FB595F4 Vladiswar Nadishana
No heatmap for  AR699Y61187FB4F331 DFA
No heatmap for  ARCWTSA11E2835EF3C Boy + Girl
No heatmap for  ARQKQ051187FB4BAD6 Codec
No heatmap for  ARBEPON1269FB38827 Zenlu
No heatmap for  ARRFBZK1250941257F Baggi Begovic vs. Groovenatics
No heatmap for  AR0CVOW1187B9A51EF EMT
No heatmap for  ARXNMYR1269FB34B1E Kölsch`Terzett
No heatmap for  AR6ETMK1187B98A799 Instant Funk
No heatmap for  ARQ10PL1187B9937E5 Johnny & The Attractions
No heatmap for  ARMPLXK1187B98BCB9 DJ Atomic
No heatmap for  ARMLMBE1187B997AE0 Perle Lama/krys
No heatmap for  ARSBIYL11F50C4AA44 Jelly Roll Morton
No heatmap for  ARYDXOO11F4C83EB8A Hasmik Haratunian
No heatmap for  ARZFCFB11F4C84175F Incapacitants
No heatmap for  ARDEZIP119B340313A Artifact303
No heatmap for  ARTBNXU1187B9A404E Jammin
No heatmap for  ARU9FJQ1187B9B5FDF Benjamin Britten - Denise Djokic
No heatmap for  ARAAPUE1252CCF90DE Complete Language Lessons
No heatmap for  ARFGIYG1187FB366AE Prototype 909
No heatmap for  ARRCGEJ11F4C83BB8D Steve Schneider
No heatmap for  AR9VS1B1187B98D3B6 Diferenz
No heatmap for  AR0JCP41187B9B8FAF Module
No heatmap for  ARBWQLR124207831A9 Eff-Jay
No heatmap for  ARFCCQB1269FB387F3 Jessica Ryckewaert
No heatmap for  ARFPOXH1187FB4A6F0 Barbara Bonney / André Previn
No heatmap for  ARJ4IJ51187FB3CF27 Johnny Hamp's Kentucky Serenaders
No heatmap for  AR25ETZ1187FB4656C Russell Haswell
No heatmap for  ARXKKRY126E2B3EE84 Dj Garces & Frann Delice feat. David Cop
No heatmap for  ARGWIVB1187FB4F701 Winter Soul
No heatmap for  ARG1QGH1187FB53225 Bissen
No heatmap for  ARMRLIC1187B995BB4 Interlace
No heatmap for  AR6XEBD1187FB48592 Bunny Lee
No heatmap for  ARZNZWO122BCFCB431 Stereomoon
No heatmap for  ARAJJKX12420780126 Psyshark_ Para Halu
No heatmap for  ARFELYQ1187FB5830C Coki
No heatmap for  ARQ84AK1187B9AB3FD Slaughter Mob
No heatmap for  AR1WK3U1187FB4EFDE BU feat. SibaGiba
No heatmap for  ARPWKNX1250941467B Missy Elliott / Redman
No heatmap for  ARZZRAT1187B9892CA Männerchor Koschatbund_ Ltg.: Edi Wasserfaller
No heatmap for  ARJRLWD1187B996C02 Robotiko Rejekto
No heatmap for  AR0UTLD1187FB4D4EA Donk Boys
No heatmap for  AR7TZC41187FB37DCD Sweet N Candy
No heatmap for  ARKEGGF1187B98C628 Lionel Belasco
No heatmap for  ARYVOXE1269FB36E9D Fin Phranklin
No heatmap for  ARXBHZT125094166BA Edu Fernandez & Andrew Ddm
No heatmap for  ARZWWNS1187FB4411E Sunshot Band
No heatmap for  ARXG2XO1187B9A72A1 Philip Bader
No heatmap for  ARKEQKX119B866953F H-tray
No heatmap for  AR4VEOH1187FB5204D Anglagard
No heatmap for  ARCRDQM11F50C4996A Discount Rhinos
No heatmap for  AR37ZIC1187B997D34 Jim Hightower
No heatmap for  ARXJVHI1269FB3547B DOLEE
No heatmap for  ARLQ1S31187B9991B6 Debbie Malone
No heatmap for  ARDVRPO1187FB37312 Bruno Pronsato
No heatmap for  AREIOJV1269FCD2B15 Milky Globe & Friends
No heatmap for  ARSEQSR11C8A41526D O.C. / Ras Kass
No heatmap for  ARWMBJJ1187FB568BD WestBam & The Love Committee
No heatmap for  ARHDQSU1241B9CC6C0 Marcelo Vasami
No heatmap for  ARR6Y9U1187FB52CE2 RL
No heatmap for  AR7CN5R1187B993F0E Hank Jones_ Red Mitchell
No heatmap for  AR2KT231187B98D88F Floating Points
No heatmap for  AR8CV9H1187FB41066 Asino
No heatmap for  ARUQ4F01187FB4DA9C The Skinnies
No heatmap for  ARRU0Z61187B9ADFCC The Georgia Browns
No heatmap for  ARQCJNL1187FB52F4A The Celtic Tenors/Mike Moran/Patrick Kernan/Gavyn Wright/Orchestra
No heatmap for  ARWLJ501187B99A247 Yearning
No heatmap for  ARGTKZO1264D12D6D6 Shawn Chrystopher
No heatmap for  ARW1A651187B9B3458 Benfay
No heatmap for  ARWHQBV11F4C8468E9 Don T
No heatmap for  ARIFZ791187B9955CF Albino
No heatmap for  ARABNWW1269FB37907 The London Regency Choir & Chorus
No heatmap for  ARV56WD1187B9A3F42 Paul B
No heatmap for  AR5PE971187FB484DE Vess L. Ossman
No heatmap for  ARWGBTO1187FB3D1FA Irving Kaufman
No heatmap for  ARZPZFN1257509E056 Tom Van Criekinge
No heatmap for  AR4CO0I1187FB3AF81 Voodooamt
No heatmap for  ARXYHLM1241B9C4275 Simon Keep
No heatmap for  ARW6APC11C8A422D4B Marco V & Sander van Doorn
No heatmap for  ARNUHKG11E2835E81F Michel Peguri
No heatmap for  ARJ1A8P1187FB3D448 Rough Trade
No heatmap for  ARN34UR1187B9A0387 Professor Pez & Sgt. Petter
No heatmap for  ARKIDXS11F50C4B4F4 High Dials
No heatmap for  ARM318R1187B9A11E1 Aztech
No heatmap for  ARAJXQZ1241B9C92B4 Dan Ascherl
No heatmap for  ARYCOC21187FB35EBB Frosty MC
No heatmap for  AR0TGH01187FB41164 Davy Spillane
No heatmap for  ARGELKM11F4C840A51 Trío Trovarroco
No heatmap for  ARCCARH12454A38709 Güzzernich-Orchester_ Wolfang Sawallisch_ George London_ Herbert Schachtschneider_ Zoltan Kelemen_ E
No heatmap for  ARXOQIJ122988EFF95 Lester Palocsay
No heatmap for  AR4OZ6Y1187FB4E591 Joan Weber
No heatmap for  ARYTKRA11F4C83C2BC Handel And Haydn Society Chorus
No heatmap for  ARJBGIO1269FB33C73 Music & Light
No heatmap for  ARNUHXE12509416B38 Dj N3ck & Deception Presents Melodyne
No heatmap for  ARYVPNG11F4C843E62 DJ Hansz & Jan Liefhebber
No heatmap for  AR5NM2E1187FB3B746 The Discowboys
No heatmap for  ARZDCMY122BCFCC2B0 Charlie Straight
No heatmap for  ARJ9RFW1187B9A341B Crackhaus
No heatmap for  ARE9U4S1187B99032F Saint-Preux
No heatmap for  ARRAWMA11F50C4DCB3 The Boy Least Likely To
No heatmap for  ARVDE1S1187B9AD818 Kuttin Kandi
No heatmap for  AR2E3LI1187FB38797 The Nob Hill Boys
No heatmap for  AREETYB1187FB5996A The Gibson Bros.
No heatmap for  ARVKVZP1187B9A025E Innisfree
No heatmap for  ARTEEXA1269FCD6533 DJ Barracuda
No heatmap for  AR48JGT1187FB43150 Olivier Giacomotto
No heatmap for  ARFBOSP1269FCD096F Ruff Cutt
No heatmap for  ARFIKPQ1272BCD1FD4 Vindva Mei
No heatmap for  ARATBRL122988FAE38 Richard Redding
No heatmap for  ARSMV2P1187B997C45 Alma Ritano
No heatmap for  ARVN3SB1187FB42D00 Jabberjaw
No heatmap for  ARE1T4E1187FB54B9C Voice Crack
No heatmap for  AR3PMJ911C8A42BF07 Evgeny Bardyuzha
No heatmap for  AR6WHZK1187B9A5DBE New York Gong
No heatmap for  ARECUYK11F50C49C1C Najam Sheraz
No heatmap for  ARACQIT1187B9B7E8C Amp Live
No heatmap for  ARY2OZS1187B990703 Slicker
No heatmap for  ARDPB7N1187FB3E356 The George Benson Quartet
No heatmap for  ARQ0GGT1187B9A5764 Hybrid Leisureland
No heatmap for  ARG4F3O1187B9AD1D7 Eye Wall
No heatmap for  ARIPHBC1241B9C877A DJ Empty
No heatmap for  ARHBJRB12592CDB00C Richard Vission & Static Avanger Starring Luciana
No heatmap for  ARKBGUE1241B9C62F6 Patricia Kopatchinskaja
No heatmap for  ARAPWGN1187B995CCB LN Movement
No heatmap for  ARJYI7C1187FB47CE4 Miss Jools
No heatmap for  ARXEFYL1241B9CE4F7 IJack
No heatmap for  ARRORRA1269FB36749 Konrad Grewe
No heatmap for  AR9ULG91187B99E090 Spoiler
No heatmap for  ARPYXWG1269FB359C7 Anton Bazovskiy
No heatmap for  AROPCXF1187FB46B41 Kevin Federline
No heatmap for  ARS3ZNY1187B99A679 Stevo
No heatmap for  AR4GW4X1187B9A3C89 ENV(itre)
No heatmap for  ARU93TT1187B989590 Aoki Takamasa
No heatmap for  ARMM21K1187B99AB73 Audrey de Montigny
No heatmap for  ARK9OBY1187B9B3D90 D.O.E.
No heatmap for  ARZD3EX1187B9B4A11 Construction Kit
No heatmap for  ARSO09G1187B98EA1C KORE
No heatmap for  AR8YIA81187B9A131A Limelife
No heatmap for  ARVKF0J1187B9ABBD1 Creation Rebel
No heatmap for  ARDADOC1241B9CF04A Dmassey
No heatmap for  ARRMZGL1278B7CC6A0 Tristan Garner & Gregori Klosman
No heatmap for  ARGUVBE1269FB362D8 M.O.T.O.NOISE
No heatmap for  ARGRJDR11F4C83F6E3 Jiang Jianhua
No heatmap for  AR3SRNA1187B9896C7 Columbus Fruge
No heatmap for  ARUHD9Z11C8A4165A2 Badria Anwar
No heatmap for  ARTEOMZ11C8A415904 Norman Nodge
No heatmap for  AREFCD61187FB4F4BB Copacabannark
No heatmap for  AR46DYU1187FB3BBBD The Suffragettes
No heatmap for  ARAFRAX12086C12F4B Phunklarique/Pierce
No heatmap for  ARPHATZ1269FCD1E06 Bran Richards
No heatmap for  ARZQCZC12509415226 Maso Rivera Y Su Conjunto
No heatmap for  ARLPU0O1187FB38B59 The Shore
No heatmap for  ARYO8OQ1187B989AC5 Honi Gordon
No heatmap for  ARSDQVE1187B99A44D Primitive
No heatmap for  ARQSDQM127BFF52070 Hot Fox Karaoke
No heatmap for  ARDGAPU1241B9CE131 DJ Nikita Capricorn
No heatmap for  ARFYDRH1241B9C8A4B Hermanez
No heatmap for  ARYPGND1187FB4F741 Roland Casper
No heatmap for  ARCROXK1187FB4BA56 Franco Cinelli
No heatmap for  AR4XG6U1187FB54FAB Ricky Stone & Mikael Jonasson
No heatmap for  AR7TMO31187FB46D1B Sleek
No heatmap for  AR75A9W1187FB4B4AB Karo & Johny Adams
No heatmap for  ARXNXXC12086C1754B Roots Radics Band
No heatmap for  ARVL17U1187B9A0983 Houba
No heatmap for  ARWZ7UR1187FB3B817 Yoshihiro Hanno Meets Mick Karn
No heatmap for  ARAPYBS1241B9C6569 Haterboy & Van Hagen
No heatmap for  AR7930H119B866996A Kwartet Jorgi
No heatmap for  ARQ5CRN1187FB39E5D Zenzile
No heatmap for  ARZJPSA1269FCCEDD3 Golden Serenades & Sewer Election & Treriksröset
No heatmap for  ARGJTSL1269FB35B75 Johnatron
No heatmap for  ARYBVMB122BCFCB333 Peja
No heatmap for  AROKTWG11F50C4CA40 S. Gayathri
No heatmap for  ARDIY3F1187FB5B2B4 XL Middleton
No heatmap for  ARU0ER31187FB4A533 Kim Frank
No heatmap for  ARVITSQ1269FB34DEE Polin
No heatmap for  AR4K6461187B9A238C Nickelodeon
No heatmap for  ARRWZIQ1187B9B0395 Christopher Robinson
No heatmap for  ARZJHNI1187FB3DC46 Boris Dlugosch
No heatmap for  ARSHA271187B9B6217 Troy Pierce
No heatmap for  ARNK0WC1187B9A1AA0 The Godfathers
No heatmap for  ARQOQR01187B99D954 Styro 2000
No heatmap for  ARQOHTY1269FB36100 Julie Perrine
No heatmap for  ARSQVNJ11F50C47E47 T.J. Rehmi
No heatmap for  ARG5TS31187B99BB0D Peter Bardens / Camel
No heatmap for  ARYY01Y1187FB361E6 Bügsküll
No heatmap for  ARVW36W1187B9AB673 Nathan Coles & Dave Coker
No heatmap for  ARSX6P71187B9A1BB2 Trent Dabbs
No heatmap for  ARI9MX21187FB3DF4B Drum Komputer
No heatmap for  ART2SJ11187FB4ACF2 Chopstick and Johnjon
No heatmap for  ARHAB9S1187FB52627 Titonton Duvanté
No heatmap for  AR5604B1187FB47EDB Glove feat. Julia W.
No heatmap for  AR1A5C01187B99DD70 Mamady Keïta_ Sewa Kan
No heatmap for  ARCYFVU1241B9C8768 Liquid Horizon
No heatmap for  ARPCDXL1241B9CA0DE Accel Ro
No heatmap for  ARBZZI411C8A42B25C Gui Boratto & Martin Eyerer
No heatmap for  ARXFKCC122BCFCA2E0 Ralvero
No heatmap for  ARV8FTK1187B990529 FM3
No heatmap for  ARVUZOP12454A52D14 Yoko Ono & Peaches
No heatmap for  ARWUPXM1187FB4E001 Ulan Bator
No heatmap for  ARIHY611187B99381B Honey Boy Martin / The Voices
No heatmap for  AR7F9FX1187FB3E05E Sydney Symphony Orchestra/John Lanchbery
No heatmap for  ARAEQJS11F50C486B8 Jordi Tonietti
No heatmap for  ARPTHAL11F50C50197 Kristian Blak & Yggdrasil
No heatmap for  ARKDS2U1187B98F4D0 Anna Lee;Portia Nelson;Marni Nixon;Evadne Baker
No heatmap for  ARVNRVT1269FCD203B Nattvaktaren
No heatmap for  AR2LVF71187FB38C54 Pierre Dervaux/Choeurs et Orchestre du Théâtre National de l'Opéra_ Paris
No heatmap for  AR80HUT1187B99B4FB Nathaniel Bartlett
No heatmap for  ARFQNAC1257509D62B Shock and Awe
No heatmap for  ARDKMDU1269FB34559 4 M International
No heatmap for  ARUYIH31187FB3B151 Plateau
No heatmap for  ARUQBI51187B993AFB David Bryan
No heatmap for  ARXJNTX11E2835D392 Midi Miliz
No heatmap for  ARAOY6J1187FB3C83C Country Pardners
No heatmap for  ARPBNKG1269FB34EA0 Spike Corleone
No heatmap for  ARPP3PW1187B99B9D9 Cecil Leuter
No heatmap for  AR40JYW1187FB46758 Prztz
No heatmap for  ARU3R8L1187FB3FE89 Sgt Slick & Rob Pix Feat. Bright White
No heatmap for  ARDJGBC125FEF31DE8 Super M
No heatmap for  AROYVVZ11F4C840B44 Redcard
No heatmap for  AR4Y6TO1187B991593 Giulio Caccini
No heatmap for  ARHQHWV11E2835E8EC Felix Werder
No heatmap for  ARKDQRU1187B99F88A Ola
No heatmap for  ARSZPQP1250941433E Das Hintermooser Gitarren-Dreispiel
No heatmap for  ARNJE851187B992ABD Aladdin
No heatmap for  ARRM2R51187B9A4410 Billy Hughes
No heatmap for  ARYMZTF123E29C26E4 Matteo DiMarr
No heatmap for  ARFRLTK1187FB39A41 Pinto
No heatmap for  ARYDZJA12406A89B00 John Barry
No heatmap for  ARZBSJV1269FCD1633 The Great Pop Band
No heatmap for  ARMR7TU1187FB37128 Giants
No heatmap for  ARHJYII1241B9CCECF Crix
No heatmap for  ARPYHOX1257509D6F0 Tellur
No heatmap for  ARV8EQV1187FB556C6 Textile Ranch / Charles Atlas
No heatmap for  AR50ANR1187FB55F09 Wexford Festival Opera Chorus
No heatmap for  ARTJLXR11F50C4BEBE Keith Hudson
No heatmap for  ARXYLPC11F50C48190 Muck Sticky
No heatmap for  ARVMOB91187B9ADA48 Pauline Carton_ Koval
No heatmap for  ARXBARX1187FB3FE90 M.J. Harris And Bill Laswell
No heatmap for  AROBDMK1250941620C Bassjackers
No heatmap for  ARPCSAI1271F573B97 Raphael
No heatmap for  AROB2N61187B9ABA62 Scott Wood & His Orchestra
No heatmap for  ARS8LZH1187FB3D7B5 Christian Morgenstern
No heatmap for  AREL6J21187FB3D4F3 Holger Zilske
No heatmap for  ARV7P6B1187B98B44F Margot meets The Melody Maker
No heatmap for  ARGFPHY127AF894EA1 Claire Ripley
No heatmap for  ARYDE211187B9A5EA3 Purple Ivy Shadows
No heatmap for  ARWE5AR1187B9B388E T La Rock / Jazzy Jay
No heatmap for  ARM1WH21187B996FD9 Johnny Flynn & the Sussex Wit
No heatmap for  ARA3WQH1187B98A510 Skopje Rifai Dervishes
No heatmap for  ARXUDDN1269FCD4F9B Greg Parys
No heatmap for  ARVBGQO12509414F4B MCW's System
No heatmap for  ARHGETF11F4C83F9A8 Qiu Shengrong; Tan Fuying; Zhang Junqiu
No heatmap for  ARFG7BO1187B995B72 Sister Rosetta Tharpe and Marie Knight
No heatmap for  ARJWW0V1187B9B6886 Hermann Prey / Wolfgang Sawallisch
No heatmap for  ARAZYUH1269FB35C5B Brigadeer & Spragga Benz
No heatmap for  ARAM5YS1187B9A30DD TnI
No heatmap for  AR1YTOP1187FB585C4 Dude 'N Nem
No heatmap for  ARM1KGR1187FB42E24 Bergheim 34
No heatmap for  ARTHSZE12086C172F9 Cause & Effekt
No heatmap for  ARJQTEW1187B99A632 Romvelope
No heatmap for  ARYGELY1269FCD2620 Jackie Mittoo and Sound Dimension
No heatmap for  AR03NAV1187B9920EF The Murmurs
No heatmap for  ARNUTNW122988F1735 Dean Sluyter
No heatmap for  ARUQCUN1187FB43AE3 Bonnie Prince Billy
No heatmap for  ARF2D481187B993F55 Jack Kelly
No heatmap for  ARCBTAQ11F4C841DE7 Bilal Bashir And Divine Styler
No heatmap for  ARTVVAK11E2835C7E4 Jim Jones & Ron Browz featuring Juelz Santana
No heatmap for  ARII0XX1187B9AC3FE Josh Homme
No heatmap for  ARYLDAR1242077DE7E Brontide
No heatmap for  ART4EKI1187B997123 Dirty Gringo
No heatmap for  ARFARKM11F4C8409B2 De Malo
No heatmap for  ARGSUEM11F50C4EEB0 Musette - Terry Muska & Madalyn Blanchett
No heatmap for  AREVYUG12802FDE539 Roberto Bedross & Moosak
No heatmap for  ARWRGBD1257509E991 Azari & III
No heatmap for  ARM0WMJ1187FB44C4B Preeti Sagar
No heatmap for  ARSIAJH11F4C83BAE7 Pavel Ilyashov
No heatmap for  ARIY3LT1187FB41D5C Freezing Butterfly
No heatmap for  ARSBBUJ1269FCD86F9 Bear Who
No heatmap for  ARW996V1187FB4392F Trulz & Robin feat. Baseman
No heatmap for  ARR6ZHT1187B9B2607 Donald Wilkinson
No heatmap for  AR9YBCF1187FB502F7 Jordy Lishious
No heatmap for  ARHKT7D1187FB4DF8F Arno Cost & Arias
No heatmap for  ARUFXMO1242078098B ZURA
No heatmap for  ARXTWWM12802FDF3A7 Gigi Tonet
No heatmap for  ARYODAQ1241B9C6E2A BootyCount
No heatmap for  ARKYB891187B98E6E8 Jef Lee Johnson
No heatmap for  ARCHKMG1187B99AB9D Psywarfare
No heatmap for  ARSIUSA1187B9B0A4B SYNC24
No heatmap for  AR0SXSN1187B995A6F Venus Ray
No heatmap for  ARLHZ2A1187FB3B4C7 Louis Innis
No heatmap for  ARFL1EP11C8A415222 Pixieguts
No heatmap for  ARTNAVC12086C143FB Redcard
No heatmap for  ARAPNPR1187B9AB669 DJ Rooster & Sammy Peralta
No heatmap for  AR48YAZ1187FB4D582 Casimir Liberski
No heatmap for  ARM9VHE1187B9B0C87 Jürgen Driessen
No heatmap for  ARYKRCM1269FB38833 Shenggy
No heatmap for  ARPECSH1269FB35B2C SAAC
No heatmap for  ARGIPR11187B9BA385 New Age
No heatmap for  ARLNERN1257509CCF1 Robin Hirte
No heatmap for  ARWQKJY12420783844 E-Jackal-8
No heatmap for  AR78ASP1187B9A6191 Matt Pur
No heatmap for  AREXDRG1187B99C6E5 Field Musicians
No heatmap for  ARNIGYW1187FB47C4C Nana Grizol
No heatmap for  ARPPXYM11F4C843E0E Lusine + David Wingo
No heatmap for  ARHDNFW11F4C83BECD Moustapha Ismael
No heatmap for  AR3GEXY1187B99FBA0 Swoon
No heatmap for  AR9LESH1187FB53C4C Henry A Lytton_ George Baker & D'Oyly Carte Opera Company
No heatmap for  AR6T3911187FB5797A Dre
No heatmap for  ARYDYQT1269FCD2F86 SK Radikals
No heatmap for  ARH4F2W1187B9A021E Brian Protheroe
No heatmap for  AR7RGDZ1187B9910EC Angel Dean & Sue Garner
No heatmap for  ARGODRB1242077E386 Pattie Blingh and the Akebulan Five_ 2562
No heatmap for  ARAEVDO1241B9C67A6 Ray Subject
No heatmap for  ARFQSO41187B9AE8C2 Paul Hester
No heatmap for  ARN2LZ81187FB4523A Jason Emsley
No heatmap for  ARYBCVB11E2835CC00 Wayne Wonder & Showki Ru
No heatmap for  ARZWQDJ122CC3B15E6 Virgil Deuce
No heatmap for  ARKFHEL1257509D8FB Na Kashna Yur
No heatmap for  AR8CG3V1187FB37883 Joachim Garraud_ David Guetta
No heatmap for  ARQXY4K1187B9A1FA6 Bobby Lee
No heatmap for  ARXUINA11F4C8476FC The Choirs of Blackburn Cathedral
No heatmap for  AR8UYYT1187FB36431 Gluck
No heatmap for  ARZSCFO126E2B3491C Couturier
No heatmap for  ARLEM6S11C8A42C78B Joel Frederiksen
No heatmap for  ARBN3FS1187FB41EB7 Jack Frost & The Circle Jerks
No heatmap for  AROTEHM11F4C841B39 Da Juve
No heatmap for  ARQUFCL125094033C0 Ewan McGregor / Alessandro Safina
No heatmap for  AR9XH4E1187B992259 Richard Dyer-Bennet
No heatmap for  AR9SJXJ1187FB3F603 Darwin C Bogan
No heatmap for  ARXLSEL11E2835C1CD Clara Moto
No heatmap for  ARORR6N1187FB3AD81 Reflekt ft. Delline Bass
No heatmap for  AR4ZG0V1187FB466F6 Frauenarzt
No heatmap for  ARAOBJK1272BA8611E Multiphase
No heatmap for  ARG721M1187B9B5C6D Mayor
No heatmap for  ARX7VXA1187B993EA4 Tony Faline
No heatmap for  ARXWEJJ11F4C845C6A Jan Hruby & Kukulin
No heatmap for  ARIBSTS12454A376A9 Electro Mode Inc.
No heatmap for  ARZSSMZ11F50C4E412 Vahag Petian & Clarence Johnson III
No heatmap for  ARX0HHD1187B98F304 Loefah
No heatmap for  AR41CRO1187FB44DEC The Movielife
No heatmap for  ARKP7FY1187B98F0D9 Masquerade
No heatmap for  ARQ0HTK1187FB50A90 John Oswald
No heatmap for  ARF1R5S1187B9B787A Syndicate Of Law
No heatmap for  ARZC8UX1187B99285E Nomads of Dub
No heatmap for  ARSZ4IC1187FB4FA36 Throb
No heatmap for  ARRHAII12086C1739B Pets With Pets
No heatmap for  ARL0SKE1187B9A4C36 Johan Skugge
No heatmap for  ARXH27P1187FB5350D John Huling
No heatmap for  ARE1CVB1187B998E0A Stevie Vega
No heatmap for  ARDBYIX1272BCD1F1C Black Devil Disco Club With Prins Thomas
No heatmap for  ARDTVMP1269FB372C7 Avis Vox
No heatmap for  ARY96TK1187B9A108E Georg Gabler
No heatmap for  ARRDLZI11F33E000A3 Lauren Hill
No heatmap for  ARODK261187B9A6DEB TO BE
No heatmap for  ARSSQ0C1187B9A4E62 Ed O.G.
No heatmap for  ARNHB3M1187B98B512 Chakra's Dream
No heatmap for  AR85Y3C1187FB51F61 Prodigal
No heatmap for  ARLZYGZ12454A37E09 Francis Chan
No heatmap for  ARFNU5T1187FB4EDF2 Marguerite Lambert
No heatmap for  ARAHSFC11F50C4BEE3 Party Day
No heatmap for  ARLFYXU1187B9B397E Alonzo
No heatmap for  ARSKCUH1187B9B8BA9 Iszoloscope
No heatmap for  ARDX06C1187B98D288 Slapstick_ Frederic De Carvalho
No heatmap for  AR43JM21187FB4BA28 Pepe Braddock
No heatmap for  ARK8HJQ11C8A416B51 A Made Up Sound
No heatmap for  ARFAZ5K1187B9ABA12 Lab°
No heatmap for  ARWXJT11187FB3F3D3 Aquaplex
No heatmap for  ARSUFQV121318C5B0E Count Dee's Silver Disco Explosion
No heatmap for  ARYZERX1241B9C70AE Judge Dreadd
No heatmap for  AROUOYQ12802FDE538 The Crystal Ark
No heatmap for  AR69FCR1187FB52E27 Iain MacInnes
No heatmap for  ARYPLBL11C8A4154D1 Carlo Maria Cordio
No heatmap for  ARY11KI1187FB5A994 Neville Grant
No heatmap for  ARURYPR1269FB370A7 Markus Homm
No heatmap for  ARYTJYU1269FCD2621 Ernest Ranglin and Sound Dimension
No heatmap for  ARRMMSD1250941220C Carmen & Aurora Miranda
No heatmap for  AR9CTOG1187FB41268 Luciano & Thomas Melchior
No heatmap for  ARTDQGF122BCFCD47D Fokko Versloot & Koen Lebens
No heatmap for  ARZB3GY11C8A4152D3 Fabio Orsi_ Mamuthones
No heatmap for  ARVGCNZ12298900146 Don Goliath
No heatmap for  ARPBJYB1187B9AA1C8 Travis Morrison
No heatmap for  ARHV2LW1187FB391F8 Denis Karimani
No heatmap for  ARVU5J61187FB55A1E Vincent Oliver and Isan
No heatmap for  ARF4TUF1187FB44AD5 Andre Previn
No heatmap for  ARDWWPX124207811C2 Mr. Noize
No heatmap for  AREJQCF1187B9B7031 Mark McGrath
No heatmap for  ARJ6IRR1187B9AE903 Alan Sparhawk
No heatmap for  ARFIJZX11F4C842D38 Raw Remainderz
No heatmap for  ARSQKCY1187B991175 Homer Clemons
No heatmap for  ARIOSCW1187B9B2312 Helmut Krauss
No heatmap for  ARCTLQV1241B9C454F Carlos Gibbs And Nick Whiteside
No heatmap for  ARMUVQO11F50C4BEE0 Family Dog
No heatmap for  AR5ID9G1187B9A7F03 Hamid Baroudi
No heatmap for  ARXPGNI1242077E946 Barbara Dorfer
No heatmap for  ARE7QZJ1187FB560DA Fumiya Tanaka
No heatmap for  AR3VFA41187B98A9F9 Webley Edwards
No heatmap for  ARAU4DF1187B9B91BC Base-X & Fred L.
No heatmap for  ARB1HU11187FB569A6 Marko Furstenberg
No heatmap for  ARLQWCA1187FB4BA36 Read Yellow
No heatmap for  ARZRWZM126E2B40756 Jaybel Evann
No heatmap for  AR1D8HU1187B9B14AC Music for Meditation
No heatmap for  ARW8C071187FB4AAD7 Holz
No heatmap for  AR5VDBL1187B9ADB75 Seven Eleven & Wally M
No heatmap for  AR2M2Y81187B9AEBFF 16 Bit
No heatmap for  ARXBLWV1242078022F Chris Fable
No heatmap for  ARBJTAM11F4C8471C1 Keo Nozari
No heatmap for  ARVVZ9B1187B9B6DA3 18_3
No heatmap for  ARAQYQS11F4C84056E Animal and Bird Songs
No heatmap for  ARXENOL11E2835EA33 Freddy Y Sus Afro Latinos
No heatmap for  ARDNPWQ1269FB36CCE Tiny Mayberry
No heatmap for  ARL8NI41187FB375F5 Beats And Styles
No heatmap for  ARJAXIM1242077F9F9 The Fastlanes
No heatmap for  ARDK3KJ1187FB5AD1C Konrad Beikircher
No heatmap for  ARZUFOI1241B9C41B4 Carlos D. Perales
No heatmap for  ARQLEFR12086C128CF Ducktails
No heatmap for  ARI76K11187FB462EE John Steel
No heatmap for  ARAIFWY11F4C8471E4 Harry AXT
No heatmap for  ARZVLQV1241B9CD16F Lennart Axelsson
No heatmap for  AR2CY7M1187FB52BF6 Salmonella Dub
No heatmap for  ARVAS771187B9A5960 JOE TVANNELLI PROJECT FEAT. MIJAN
No heatmap for  ARU6BWY1187FB3AC23 Vibracathedral Orchestra
No heatmap for  ARZXDML1187B9A3251 Mummy Fortuna's Theatre Company
No heatmap for  ARNRTFT12086C17075 The Press Gang
No heatmap for  ARYBAPR1269FB2D72E The Somethings
No heatmap for  ARTT5891187B9AF1E8 Lil Mark
No heatmap for  ARZCUGY1269FB32191 Capella Gregoriana
No heatmap for  ARLWKMO1187FB4E6FE Herman Stones
No heatmap for  AROITPP11F4C841BBC Ada Brown
No heatmap for  ARCIHCE11F50C49918 Y.G.
No heatmap for  ARUFOIH1187B98D527 Down 2 Earth
No heatmap for  AROTS3F1187FB4D0C9 Miredys Peguero & Paul Bushnell
No heatmap for  AR9OWIB1187B9929F0 Monoaural
No heatmap for  ARTMZLH11F50C4FEB1 ProjetoNave
No heatmap for  ARBTPAR1241B9CA056 DJ EJ
No heatmap for  ARPNFJS11F4C847F8A Ludwig Mies Van Der Rohe
No heatmap for  ARZMBN31187B988E91 World Clique
No heatmap for  AR3JQMU119B3403551 Collins Oke Elaiho & His Odoligie Nobles Dance Band
No heatmap for  ARLABL51187FB4AF47 Bill Mraz Orchestra
No heatmap for  ARJDWXO1187B98AD2A Nora Bayes
No heatmap for  ARZPEAT12509413656 Das Grosse Teutonia Blasorchester
No heatmap for  ARNVMZB1269FCD4D1F Bus Moten  
No heatmap for  AR7IWBO1187FB528C5 Beat Konducta
No heatmap for  ARHNORF11E2835D138 Big Krizz Kaliko
No heatmap for  AR9SMT31187B9A259F Death in Graceland
No heatmap for  ARLODWR1269FCD4C50 Colly C
No heatmap for  ARRZMEY11F4C84601A Graziano Ruan
No heatmap for  ARALYCZ1187FB4ADD7 Jorge Savoretti
No heatmap for  ARMLRCO1187B994AA5 The Mallet Men
No heatmap for  ARUOKBB1187FB3AFEC The [Law-Rah] Collective
No heatmap for  ARAUEQD11E2835E3CD Dingobats
No heatmap for  ARBRWLO1264D12FC97 Hip Priests
No heatmap for  ARYFCNA1250940EE96 Artful Dodger Feat Lynn Eden
No heatmap for  ARLXQIB1187B9ACE13 Gil Mahadeva
No heatmap for  ARASYHB12472CE2D30 Marco Torrance feat. Tiff Lacey
No heatmap for  ARIMLMR11A348EF78D J Philip
No heatmap for  AR9V7KP1187FB579E0 Die Firma feat. Nesti
No heatmap for  AROAEDC1187B9A1611 Otis Gayle
No heatmap for  AR29ZMK1187FB49B81 Dominus
No heatmap for  ARJJ8LK1187B9958BB Squint
No heatmap for  ARYCH551187B9ABCE6 Stained
No heatmap for  ARGJPLQ1264D13A735 Gordon Terry
No heatmap for  ARMDGDR1264D134C3E Dextems
No heatmap for  ARLHXIB1269FB35F10 Tgm - the green man
No heatmap for  AR1P70Y1187B98FF9C Salma Hayek
No heatmap for  ARNBUWE11F50C47C6D Dedo
No heatmap for  ARXZBLV11E2835D956 FPS
No heatmap for  ARPUXXV1187B99F6A3 Vesna
No heatmap for  ARZEQVO1269FB33912 Technomind
No heatmap for  ARFCNF41187B993052 S.H.E.
No heatmap for  AR7KNMC1187FB37F8B Britta Onnen
No heatmap for  ARRRJZQ1187FB3F73E Amelie vs Audiofly
No heatmap for  ARWCN9P1187B9A2D3F Waak Waak Jungi
No heatmap for  ARPPTNK11F4C845F48 Gao Hong
No heatmap for  AR6AWB01187FB3AAEB Judiny
No heatmap for  ARFOO9C1187FB427B8 Die SRV-Männer
No heatmap for  ARZVZOP11F4C83F592 Gao Shiqing; Wu Jiasi
No heatmap for  ARNKOKE123E29C2363 Tommyboy
No heatmap for  ARIFQFB1187FB42256 DJ Voodoo & Liquid Method Featuring DJ Darkness
No heatmap for  AR3YW3H1187B99C52C Khalil Gibran
No heatmap for  ARG6S7U1187B992FCF The Cincinnati Jug Band
No heatmap for  ARAPLIN124549A431A Barbara Bonney/Danila Donose/Maria Ruxandra/Cornelia Wulkopf/Peter Schreier/Yaron Windmüller/Mitglieder des Münchner Bach Chor/Münchner Philharmoniker/Sergiù Celibidache
No heatmap for  ARVISRN1187FB4BA88 Herwig Mitteregger;Spliff
No heatmap for  ARVBIVU1187B9A2C85 Gez Varley
No heatmap for  ARQBOCL1187B98AA2C Urban Tribe
No heatmap for  ARZYIFF1187FB3905A Georgia Anne Muldrow & Dudley Perkins
No heatmap for  ARTKH2V1187FB54647 Arielle
No heatmap for  ARY1XQX1187B9A146D Lost On Purpose
No heatmap for  AR1AEHQ1187FB46BBF Orchestre National du Capitole de Toulouse / Tugan Sokhiev
No heatmap for  AR3K9JI1187B9A4695 Blasta
No heatmap for  ARLYCOJ1187FB367F2 Jakob Adler
No heatmap for  AR2MG6D1187B9A4C77 Aparecida
No heatmap for  ARFZFQ91187B996EF2 Richenel
No heatmap for  AR52OBB1187FB42685 The John Berberian Ensemble
No heatmap for  ARTAADW11F4C845489 My Friend Eject
No heatmap for  AROXFZC1269FCD6E64 Dragon Orchestra
No heatmap for  ARSZKJR11F50C4CFC6 S.T.I.N.K.
No heatmap for  ARWULXT12472CE2E85 Sandy Cheeks with Junior Brown
No heatmap for  ARRNCYV11F50C4FA50 Aznach Ensemble
No heatmap for  AR3I1MJ1187B99DEED Fliflet Hamre Energiforsyning
No heatmap for  ARBCCIE1250941282E Fedde le Grand presents The Flamingo Project
No heatmap for  ARZLHZU1187FB3CC73 Bamberg Symphony Orchestra
No heatmap for  ARTAOTT11F4C83DAF5 Keiko Abe
No heatmap for  ARS6TDA1187B99094C Dee Nasty
No heatmap for  ARZK52D1187B9B0CC3 Tender Forever
No heatmap for  ARZLTO51187B98EA60 Krok
No heatmap for  ARD478K1187B997F45 Testube
No heatmap for  ARNWBHD1269FCD24BA Okeh Wrangers
No heatmap for  ARAT1KA1187B99925F Mary Costa
No heatmap for  ARB0O551187B98CDB3 Chuck D
No heatmap for  AREYTSS1241B9C566A Alex Lamb
No heatmap for  ARTLYVF1187B9A9620 Cleoma Breaux
No heatmap for  ARQRPAS1264D137D28 Bud Abbott
No heatmap for  ARBALUH11F4C83FE3A Windy And Carl
No heatmap for  ARJXLHU1264D137F02 Tom Gist
No heatmap for  ARDHQAM1269FB35582 Death of Angel
No heatmap for  ARJRKGN12420781485 Heiko Grauel
No heatmap for  ARU9DGB1187FB57B63 Foster & Allen
No heatmap for  ARNKCCH1187B98F919 Paul Tiernan
No heatmap for  ARS7SLV1187FB4EF36 OLYMPIA
No heatmap for  ARLDHOU11F50C4EFE2 Nate Wollman
No heatmap for  ARONLBK1187B9A879A Mike "Hitman" Wilson
No heatmap for  ARZTJAO1269FB36359 Rodrigo Castro
No heatmap for  ARI4XVC1187B99B986 Banda de Pifanos de Caruaru
No heatmap for  ARASSXU1269FCD1147 Gaillard Clement
No heatmap for  ARNITYP121318C564B Lost On An Island
No heatmap for  AREOCUN1187FB5AC47 Standgericht
No heatmap for  ARTG2FK1187B99A5B2 Landed
No heatmap for  ARCZ38L1187B9AC6AA Jesse Ashlock
No heatmap for  ARRGBMW1257509E724 Kendall "K - Mac" McCarter featuring ROCSI
No heatmap for  ARQHKDK1187B99EF9C Acid Jacks
No heatmap for  ARBWUG01187B993805 Zora Neale Hurston
No heatmap for  AR80EJB1187B98A28F Jack Rose_ The Black Twig Pickers
No heatmap for  AR03MRK1187FB3A8E0 The Devotions
No heatmap for  AR8JI6D1187FB5A34D Dj Crispy
No heatmap for  ARVG0F71187B99E52A William Parker & Hamid Drake
No heatmap for  ARVKHFG1187B9B0485 Mauricio Kagel
No heatmap for  ARC9XYV1187B997D78 Idiot Stare
No heatmap for  ARHVYIY1252CCF90F4 Marcelinho CIC
No heatmap for  ARLFOXL1264D1379F2 Rump Posse
No heatmap for  ARIDPUH122988F5A4E Felix Laband
No heatmap for  ARKHCVH12086C1468E Simon Ho
No heatmap for  ARTLAUG1264D13A323 Julian Whiterose
No heatmap for  ARLE02J1187FB459E0 Lovesliescrushing
No heatmap for  ARSNY541187FB4399E Åse Teigland
No heatmap for  AR0Q0GW1187FB4EEAC Yao Lee
No heatmap for  ARC0Q3H1187FB4926A Take A Worm For A Walk
No heatmap for  ARF6UA91187B9AA225 Edouard
No heatmap for  ARQQLW61187FB471AF Arto Mwambé
No heatmap for  ARZEVMH11F4C842945 John R. Beck
No heatmap for  AR8719V1187FB51155 Rozzi Daime
No heatmap for  ARLU1N31187B9B298F Bobby Sarkie
No heatmap for  ARLBXY71187FB3CBC4 Steve Rachmad
No heatmap for  AR75Q861187B998E63 Bass Communion
No heatmap for  ARIA20Q1187FB4E181 Ida Engberg
No heatmap for  ARYTRCY1269FB34D1F Ars Musicae Ensemble
No heatmap for  AROBRAT1187FB45D49 Chronik
No heatmap for  ARNUVJY1269FB35D4A Highpass
No heatmap for  ARZKWHN11F4C83B3F7 Keiji Haino
No heatmap for  ARZNFYC1269FCCF731 Ole Olsen Fykse
No heatmap for  ARKCCQM11F4C842252 R.A. the Ruggedman
No heatmap for  ARCQFK81187B99298B 847
No heatmap for  ARLP5OS1187B9B2FDC Sonic Youth
No heatmap for  ARJLQZP12496DAB7D3 Barry Connell
No heatmap for  ARJKO6E1187FB495EC Sept
No heatmap for  ARKIGPF1187B98BD79 Atmospheric
No heatmap for  AR7GWKT1187B9BA00B Sound EFX
No heatmap for  AROLFHJ1250941624D Alexander Popov & Feel
No heatmap for  ARAN16L1187B9989CC Steve Kindler
No heatmap for  AR6C3RD1187FB39B4F Katla
No heatmap for  ARRG26L1187B991D77 Tibet Team Frankfurt
No heatmap for  ARTLPS31187B9A7B95 Kris Delmhorst
No heatmap for  ARRJUID1269FCCF0F7 Sugarcuts
No heatmap for  ARDKNQU12454A43233 Max Romeo & Niney
No heatmap for  ARICN9H1187B9AF3E9 Charles Trenet
No heatmap for  ARW1AVF11C8A4215E3 Guido Schneider & Florian Schirmacher
No heatmap for  ARPW78B1187B99584C Dimbiman
No heatmap for  ARXYYIM124207814C7 Victor Perez
No heatmap for  ARBB1091187FB562B1 Eli Roth & Michael Bacall
No heatmap for  ARHPR001187B98B97A Re-Loop
No heatmap for  ARFLG771187B98FD1C Polo Polo
No heatmap for  ARKTF4F1187B9B00BC Lucid Picnic
No heatmap for  AR5OL951187B99E626 TwoFourteen
No heatmap for  ARBPKM01187FB5A038 PUSH PUSH
No heatmap for  ARBTKDI11F50C491C3 Fulgeance
No heatmap for  ARJAPQN11F4C8442EE Darin Epsilon
No heatmap for  AR1YFAT1187B990898 Intoxicados
No heatmap for  ARVZZF11187FB5390E Pierre-Laurent Aimard
No heatmap for  ARWVGZS1269FCD274C Coldcut & PC
No heatmap for  ARZIWIQ125094137D0 Guillaume Orti_ Olivier Sens
No heatmap for  ARYNXUP12420783A9E Las Pajarillas
No heatmap for  ARZQHCP1269FB30442 Bilal Salaam
No heatmap for  ARZQP8T1187B9AC46C K C
No heatmap for  ARNKZAE11F4C8473FA Andrea Carnell
No heatmap for  ARBOIGG1187B98A84A Dna2
No heatmap for  ARXK67H1187B99FBBC Murmur
No heatmap for  ARCBVBL122BCFCC385 Chad Vicious
No heatmap for  ARXTGQI1241B9CBB05 Michael Otto
No heatmap for  AREGILJ1252CCF8CB6 Psukoy and Predators
No heatmap for  ARUDBXL1187B9A1AA3 Jill Tracy_ The Malcontent Orchestra
No heatmap for  ARAKUJA1187FB429B1 Hypertraxx
No heatmap for  ARCFPPO12802FDE889 TUTIO
No heatmap for  AR35T4N1187B9B8819 The Erick Morillo Project
No heatmap for  AR4SY5Q1187FB36367 Coro Del Maggio Musicale Fiorentino_ Orchestra Del Maggio Musicale Fiorentino_ Giulietta Simionato_ Ettore Bastianini_ Gianni Poggi_ Alberto Erede
No heatmap for  ARFBPQH1269FB3556F Baba Jelly
No heatmap for  AR4PS6F1187FB454BB Oldskool Junx
No heatmap for  ARAC7VN1187FB4345D Hélène Breschand_ Didier Petit
No heatmap for  AR1UZJ01187FB3F851 Knarz
No heatmap for  AR6DZEB1187FB4A7E3 Robert Morris
No heatmap for  ARQLG141187FB4F435 Grouper
No heatmap for  ARVK0YL1187FB432FB Gibbins
No heatmap for  ARVJGEC1187B9B98D5 Angeles del Infierno
No heatmap for  ARITA8T1187FB4CA99 Migrants
No heatmap for  AR5YU9H1187FB53CE9 Sam Spence
No heatmap for  ARQH9HE1187B99B4D0 Mokira
No heatmap for  AR43OXY1187B9AF5BD Short Changed
No heatmap for  ARV99SV1187B9B1625 Rattus
No heatmap for  ARSZSB51187B9AF88D Steve Angello & Dave Armstrong
No heatmap for  AREKNYM11E2835F1C1 Seth Troxler & Patrick Russell
No heatmap for  ARITBIO12802FDEA2C KMVSNI
No heatmap for  ARHWFRP1187B996BB7 +39
No heatmap for  ARB22I01187FB4DD3E Monster Bobby
No heatmap for  AR1PBO21187B989AEE Truth_ Fact & Correct
No heatmap for  ARG6FWH1187B99CE6E Nole Plastique
No heatmap for  AR4G2SN1187B99D514 Despot
No heatmap for  ARXZXES1269FB3200F Erica Lopez
No heatmap for  ARZKSZR11F4C83EDD5 El Otro Mundo
No heatmap for  AR9VTS91187FB4EEF0 Irving Aaronson
No heatmap for  AR6SY641187B989035 Irina and Todd
No heatmap for  ARY8RKG1187FB503D6 Billy Boyo
No heatmap for  ARFODYW1187B996DE0 Capsela
No heatmap for  ARNHXMM11EBCD7B94F The Nucleus
No heatmap for  ARYGDF21187B99D842 Original Concept
No heatmap for  ARXSNEU11F4C842324 Van Boven
No heatmap for  ARBH0QQ1187B99DA12 The Thrones
No heatmap for  ARSWKSL1269FCD291D Marc Romboy & Stephan Bodzin
No heatmap for  ARS2OB41187FB425E5 Adam Sky
No heatmap for  ARIYOCX12086C15A56 Darien
No heatmap for  ARXJYD51187B990F5E Penguin Café Orchestra
No heatmap for  ARCRQDC1272BA831EB Galexis
No heatmap for  AR1WEAV1187B9AEDB7 Miho Hatori
No heatmap for  AR4UQQV1187FB3E01D Eric Peters
No heatmap for  ARGXUCF1264D13A057 Max Thief
No heatmap for  ARMLRFC11F50C4A0C4 Tanya Stevens
No heatmap for  ARCEK971187B98D4F6 Doolally
No heatmap for  ARGDMMM1187FB4EB34 Ambivalent
No heatmap for  ARA5LDY1187FB4DD2E Ryoji Ikeda
No heatmap for  ARXVJVB12509415323 Eulogio Peraza
No heatmap for  ARSZWBU12086C17552 Except The General
No heatmap for  ARICTJC11F50C47E4C Karpatenhund
No heatmap for  ARZ2F321187B9AC874 Kevin Bowyer
No heatmap for  ARFRVK81187B98A52A Ignacy Jan Paderewski
No heatmap for  ARRUOEJ1187B9A0D8C Charles Peguri
No heatmap for  ARNRKTP1187FB4CF37 1_000 Homo DJ's
No heatmap for  AR7WAVX1187FB554FA Lusine ICL
No heatmap for  ARXVAXY12472CE3088 Sied van Riel vs. R.O.R.
No heatmap for  ARADEVC12454A436F6 Moni-k
No heatmap for  ARCQ0WE1187B9ABFB8 Porn Sword tobacco
No heatmap for  ARHQSVE11F50C4C0A1 MTW
No heatmap for  AR0P74L1187FB4A58E Ora Cogan
No heatmap for  AR7DK3D1187B998C26 Adam Sheridan
No heatmap for  ARQAWKF1269FCD84F2 Dorantes
No heatmap for  ARWBG4X1187B9A8B82 Astral Projection & MFG
No heatmap for  ARKVHSK1269FCCFC92 Hunid Racks
No heatmap for  ARVYGGI123526A079C Vitalis Popoff_ The Wamer Brothers
No heatmap for  AR2N52B1187B98D936 Fat Jack
No heatmap for  ARBMMPE1241B9C603B Stevie Joe
No heatmap for  AR2LMRO1187B9A3A28 Los Pinguos
No heatmap for  ARMTAFH12802FDD981 Niki Gratrix
No heatmap for  ARB6XVX1187B998D4E Mysonne
No heatmap for  ARI20WR1187B99C9E0 Basque Dub Foundation
No heatmap for  ARYHOSN1269FB272AE Mädchenkantorei des Rottenburger Domes
No heatmap for  AROZDNJ1187FB3E532 Steve Poindexter
No heatmap for  ARIOADI1269FCD10FB Tadi & Nv
No heatmap for  AR6N24R1187B99A3B2 Chris Phillips
No heatmap for  AR0JIZ211C8A4166BC Rothkamm
No heatmap for  ARMNRYU11F4C841747 Stereophonic Space Sound Unlimited
No heatmap for  ARTVNOD11F50C498E8 Next Project
No heatmap for  ARZKBFL1241B9CC1B6 Walter van Hauwe
No heatmap for  ARRXDXI12454A47476 Nosaj Thing
No heatmap for  ARYFSUP12509411DD8 Coro De Monjes Del Monasterio De Silos
No heatmap for  ARBNYRZ122BCFCAC44 Norman Doray & Tristian Garner Feat. Errol Reid
No heatmap for  ARAVKMS126E2B35F17 Signal B
No heatmap for  ARY4O9V11C8A415314 June Anderson / Samuel Ramey / Philharmonia Orchestra / Claudio Scimone
No heatmap for  AROTMHP1252CCF9E33 O.B.A.
No heatmap for  ARYLRXV11C8A415DAE Lucy Wainwright Roche
No heatmap for  ARXA00H1187FB5741F Professor Angel Dust
No heatmap for  ARSH8IM1187FB37533 Ken Johnson
No heatmap for  AR7GY4W11C8A415723 Fernando Albuerne
No heatmap for  ARY92WL1187B98C424 Le Grand Orchestre Du Comptoir De Marrakech
No heatmap for  ARBA3951187B988CEA The Orchid
No heatmap for  ARHXSLK1269FB35A67 Teckno Killers
No heatmap for  ARKNBJF1187B98AC7C Nap
No heatmap for  AR2MC5F1187FB45B92 Burnt Friedman & The Nu Dub Players
No heatmap for  ARNURPJ1264D13541E George Johnson y Su Orquesta
No heatmap for  ARIVVBN11F4C846C66 Bob Curtis Trio +2
No heatmap for  ARYZ9851187B9B05F0 Sear Bliss
No heatmap for  ARADQMM12420781250 Jack Dangers
No heatmap for  ARI52LW1187FB4150A Nile Rodgers / Roy Hargrove / Money Mark
No heatmap for  ARBZJJY11F4C83CFD1 Killa Tay/J.T. The Bigga Figga/Pizzo Calhoun/G.L.P.
No heatmap for  ARZBBKO1269FB34872 Etxekoak
No heatmap for  ARSRWWO1241B9CEBB1 Criminal Vibes
No heatmap for  AROMHTE11F919A75EC Pheek
No heatmap for  ARVM6BB1187FB523E2 Marcel Dettmann
No heatmap for  AROLCKL1241B9CE12F Pete Dafeet
No heatmap for  AR7V6TN1187FB447F7 Gussie P
No heatmap for  AREWRZD12086C155EC Maarten de Jong
No heatmap for  ARI5P8O1187B99EA24 Repulsion
No heatmap for  ARUTCX41187FB43DF8 Jesse Somfay
No heatmap for  ARB5I001187B99263E Boiler Room
No heatmap for  ARJO3I51187B9B8F63 Gangpol und Mit
No heatmap for  ARBVMBU1187B999FA1 Sherman Irby
No heatmap for  ARP09HW1187B9AE6A7 Sir Lancelot
No heatmap for  AR0M7A71187FB3C32C DJ t-1000
No heatmap for  ARS3LNB1187FB37DC3 Wighnomy & Robag Wruhme
No heatmap for  ARLOELF1241B9C5507 Street Parade Feat. Maury
No heatmap for  AR3A0811187B99F32D DJ Fist
No heatmap for  ARFKTSS1187FB490EC youri Donatz
No heatmap for  ARYDSAU1187FB39228 Gordon Hempton
No heatmap for  AR98X2T1187FB57863 Leon Somov
No heatmap for  ARZQ14U1187FB3C9BA Etienne Charry
No heatmap for  ARYCPG41187B9B8B5E Quintron
No heatmap for  ARXBTVO1242077E65A Sasha Wins
No heatmap for  ARO26EX1187FB4B832 The Nightshift
No heatmap for  ARTOIR41187B9AEFA3 Robert Rodriguez_ Carl Thiel
No heatmap for  ARGNLOH123E29C25BD Airstrike
No heatmap for  AR87OXT1187B9B4172 Endaf Emlyn
No heatmap for  ARIVMWW1187B99DADE The Late Show
No heatmap for  AR3I3FO11C8A42280C Alvarenga & Ranchinho
No heatmap for  ARZQE0E1187B9B7A97 emmet swimming
No heatmap for  ARJHWXU1241B9C45ED Trieb
No heatmap for  ARGXOKF1241B9C96F7 Zeta Funk
No heatmap for  ARZDXXL126E2B3D2CF Sergio Gruz Trio
No heatmap for  ARC0OUG1187FB3757E Mono für Alle!
No heatmap for  ARPJOTD1269FB3359D Electric Delight
No heatmap for  ARQ5KUS1187FB40A97 Gaiser
No heatmap for  ARDH5TA1187B99BCE9 Hawnay Troof
No heatmap for  ARXF2841187B9ADB7B Dave Brock
No heatmap for  AREYH9U1187FB540C2 Mike E. Clark
No heatmap for  ARYS1C91187B990A28 Freeman Stowers
No heatmap for  AR4928P1187FB51CB3 Mlada Fronta
No heatmap for  ARXVQCR1269FCD0F28 Mediterraneo Group
No heatmap for  ARZLKOC11F4C83B9FC Larry Alan Smith
No heatmap for  ARAJMSE12454A4CC02 Schola Gregoriana De Barcelona & Ramon Moragas
No heatmap for  ARAJGXQ119B8668D64 David West & Orkidea
No heatmap for  ARCEGT91187FB38CF3 Das Bierbeben
No heatmap for  ARSQTIT122ECCB6F33 PLIHAL KAREL
No heatmap for  AR7NUG91187FB5151A Nigel Kennedy
No heatmap for  ARB5CFY1187FB5B884 Desmond Baker and the Clarendonians
No heatmap for  ARYMJAN11F4C842896 BC400
No heatmap for  ARLOW6611C8A415DC2 Dyor
No heatmap for  ARCYFKL1264D132CFA Filter Jack
No heatmap for  ARKMFLQ122988FD982 The Biscuit Brothers_ The Wild Basin Winds
No heatmap for  ARNVOGX1269FCD116F Willem van Hanegem
No heatmap for  ARDIPHC12454A3D6C3 Jacky Terrasson/Cassandra Wilson
No heatmap for  ARQCEOL1241B9CA29E Silver Mt. Zion
No heatmap for  ARAWBOO126E2B3D240 Barbino
No heatmap for  ARVUD6U1187FB49579 Terry Hunter
No heatmap for  ARRXBPJ11F4C847305 Pollyfonnik
No heatmap for  ARTW1YC1187B9A5514 Gentle Despite
No heatmap for  ARYZDTM1269FCD1D19 Zaraus
No heatmap for  ARIKFVH11F4C845647 Memphis Soul Review
No heatmap for  ARW4UG61187FB434ED Christopher West
No heatmap for  AREZBKV1269FB357CE Eddy.T
No heatmap for  ARWZTJY1187B99D0C7 Fess Williams & His Royal Flush Orchestra
No heatmap for  ARIGFX81187FB583CA Fran Rodgers
No heatmap for  ARDUQER11F50C4D29D Tuija  Hakkila (Fortepiano)
No heatmap for  ARN6GPK1187FB3CD2C Barrington Spence
No heatmap for  ARGKUHY11F50C4C2FE Katherine Cornell
No heatmap for  ARJ51CQ1187B99A828 Armando Trovajoli
No heatmap for  AR37PMX1187FB45B80 Afternoon Coffee boys
No heatmap for  AR4Q6RV1187B999437 Lo-Key
No heatmap for  ARBQAYQ12454A483D9 RIAS Sinfonie-Orchester Berlin /Ferenc Fricsay
No heatmap for  ARA2LR91187B99E2B5 Susanne Brokesch
No heatmap for  ARFZV121187B99C0C4 James Asher
No heatmap for  ARDUCUI1187B98DA6D Lenny Fontanna
No heatmap for  AR40J801187FB36D4D EC50
No heatmap for  ARO75VZ1187FB431F8 I Marc 4
No heatmap for  ARSWHTN1250941448C 00Genesis
No heatmap for  ARUZMDW1242077E82C Monrad Og Rislund
No heatmap for  ARADRE91187B9B67E3 George Wein's Dixie Victors
No heatmap for  ARELNLF125094113DD Blue Collar Comedy Tour Rides Again Soundtrack
No heatmap for  AR581631187FB56965 DI MIRO'
No heatmap for  ARYQDGY12454A4D8F1 The Choir Of Benedictine Moniales From The Abbey Of Sainte-Marie Des Deux-Montagnes
No heatmap for  ARWMC0I1187B9AE6D9 Yeepee
No heatmap for  ARZCC1W1187FB44B20 Izabela Ziolkowska-Kenney
No heatmap for  ARS3EBV1187B9B8992 Steve Roach and Kevin Braheny
No heatmap for  ARXUSHM1241B9C89E9 Intensa Music
No heatmap for  ARSJPKH1264D130322 Modern Beat Orchestra
No heatmap for  ARLWXQK11F50C49861 The Munted Connection
No heatmap for  ARIB1651187B9A461E Ellay Khule a.k.a. Rifleman
No heatmap for  ARZD2IU1187FB4D51E George Noble
No heatmap for  ARNGEDQ1269FB36932 Sonica
No heatmap for  ARDSWWZ1187FB4D18F Bjornemyr
No heatmap for  ARBJGUA1257509D531 Paul Derrett
No heatmap for  ARBWTBE1264D12DF17 C-Murder And Mystikal/Silkk The Shocker
No heatmap for  ARHHTPA11F4C83D439 Gustav Mahler Jugendorchester/Franz Welser-Möst
No heatmap for  ARZWRPZ1187B9AE856 Wolfgang Hohlbein
No heatmap for  ARL8HLV1187B9B2BAA Real Estate Records
No heatmap for  ARTDMKM1241B9C3F0A Zen Lounge Masters
No heatmap for  ARCT21Z1187B9B4D18 Peplab
No heatmap for  ARIXWEC1187FB5BEB7 Sven Van Hees
No heatmap for  ARXAV1H1187B9966AB Darzamat
No heatmap for  ARIAPRD1271F5760EB Not The Nine O'clock News
No heatmap for  ARPIV8T1187FB4241F Tres Demented
No heatmap for  ARJW0S51187FB3BDB6 Maîtrise de Garçons de Colmar
No heatmap for  ARV0SJQ1187FB3E7E9 CiuPy & Andras
No heatmap for  ARZGPUP11F4C846FA1 Four Kats
No heatmap for  ARXPJFM1187B995379 King Gordy featuring Banzi_ Proof_ T-Flame_ Young Breed
No heatmap for  ARRKD9O1187FB3938C Michelle
No heatmap for  ARBLFYW1187FB55BF6 Christian Weber
No heatmap for  ARJFQNP11F4C8447CC Konrad Plaickner
No heatmap for  ARCKUSR11F4C843686 Mario Del Monaco
No heatmap for  AROCJT71187B98B42C Jonn Serrie/Gary Stroutsos
No heatmap for  ARWVZLL11F50C4EBA6 Scarling
No heatmap for  ARU7KFC1187B997560 Tim Kinsella
No heatmap for  AR6IAL41187B9B2A92 Quantom
No heatmap for  AR08H5I1187B99969F Hans Paetsch
No heatmap for  ARGOPFA11F4C84679F Oum Kalthoum
No heatmap for  ARMJDAB119B86697A0 Olav Brekke & Sideshow Jøgge
No heatmap for  ARNCNWG1187B9B627D The Douglas Fir
No heatmap for  ARZVWRJ12454A3770B Toots Thielemans / Elis Regina
No heatmap for  ARVUK8D1187FB4C0A6 Substance & Vainqueur
No heatmap for  ARKAWLX1187B98FEE8 Noa Assembly
No heatmap for  ARRFL4B1187B9B3526 L. A. Tom
No heatmap for  ARWZY9C1187FB3BA35 Terry Gilliam
No heatmap for  ARWTRXQ126E2B3D431 Benoist Pipon
No heatmap for  AROHNO71187FB44B23 Vaea Vahinemoea-Bakker
No heatmap for  ARXOS7D1187FB5ABBD Florence
No heatmap for  ARGMEAN11E2835F1BF Patrice Scott
No heatmap for  AR8Y8T31187FB48D7A Shameless
No heatmap for  ARWLUUA1269FB36F96 Antonymes
No heatmap for  AR4GW6A1187FB3BDE9 Multiphonic Ensemble
No heatmap for  ARPBMTS1187FB50864 Hunter S. Thompson
No heatmap for  ARIS9OF1187B9902A7 Rubycon
No heatmap for  ARWR2BE1187FB3DCDB Guardiões Do Subsolo
No heatmap for  ARJF2TF1187B9A81BE Arthur Bliss
No heatmap for  AREE31R1187FB3698D Ruby Murray
No heatmap for  ARFSDUP1241B9C4899 Carl T SPRAGUE
No heatmap for  ARFBGCG11F50C4D156 Hill St. Soul
No heatmap for  AR2GBBO1187B99089B Nest
No heatmap for  ARXRDJT1187B98C3D4 Atmosphere Collection
No heatmap for  ARG76ZR1187B99318C Brainwave Mind Voyages
No heatmap for  ARYOGQQ12420780510 Brian Schober
No heatmap for  AR4EDBQ1187FB5A3DB Peace Orchestra
No heatmap for  ARWSUOJ11F50C4D3E0 Alex Medina
No heatmap for  AR96XHV1187FB46387 Stars on 45 feat. Discomaniacs
No heatmap for  ARB983X1187FB4C2B7 Dr. Isaiah Ross
No heatmap for  AR3BEJB1187B9A7F32 Sølvguttene
No heatmap for  AR3RG391187FB5086A Rollercone
No heatmap for  ARGXFBT12086C1234C Bülent Gürler
No heatmap for  ARCUDGJ1187B994146 Almeda Riddle
No heatmap for  ARPBCTE1187FB386E9 High Violets
No heatmap for  ARQQKNA12509412FFF Inga Nielsen - Robert Hale & The Danish Radio Concert Orchestra
No heatmap for  ARXSK5R1187FB3A04F Community Housin
No heatmap for  ARLWWQ71187FB4C844 Sinden+Count Of Monte Cristal
No heatmap for  ARB2BK71187FB38062 Dougie Pincock
No heatmap for  ARKLJET1269FB35CB3 Chicago House Syndicate
No heatmap for  ARI9LDW1187B9B0353 The Tobacconists!
No heatmap for  AR5S4TR1187B9A7567 Bobby Kalphat
No heatmap for  ARAALRH1269FCD2B12 Tannerlogue
No heatmap for  ARYM0EN1187B9B18A3 Northern Project
No heatmap for  ARXHINA1187B995D79 John Starlight
No heatmap for  ARIXXLP11F4C8405C2 The Tenors
No heatmap for  ARVPBGC1187FB39686 Sweep The Leg Johnny
No heatmap for  ARGUY1D1187B994B9A Faf Larage
No heatmap for  ARAJEEP1242077E49C Lost Reflection
No heatmap for  ARPCGPL1187FB4B443 Scientist / Jammy / The Roots Radics
No heatmap for  ARGXWSO12420782094 Gibus
No heatmap for  ARHGPNZ1241B9C5E73 Kevin Derring
No heatmap for  AR9TEZK1187B9A42B1 L'Altra
No heatmap for  ARJEAIL1241B9CC848 Kid Funk
No heatmap for  AR200AO1187FB381EE Serge Perathoner & Jannick Top
No heatmap for  AR3NJ9A1187B9B34B7 Die Sonne
No heatmap for  ARRKMLG1187B9A6063 Neuropa
No heatmap for  ARTRRBO1187B99BBCF Glowing Glisses
No heatmap for  ARALQO51187FB56940 Jimmy James
No heatmap for  ARADLIE11F4C8426CB Ellie Come Home
No heatmap for  ARTM4FN1187FB5C3D7 The Rainbow Band
No heatmap for  ARBMMIZ122BCFC90C8 A98
No heatmap for  ARWONLE11F4C84325A Rich Dolmat
No heatmap for  ARR9P291187B9A0EAA 4 Wings
No heatmap for  ARYHGHI12420780A44 Refuzer
No heatmap for  AR4HTRH1187B9A8C7F Banbarra
No heatmap for  ARHLCXW122ECCB7DCE Sound FX
No heatmap for  ARL2OGP1187FB5801E Stepper
No heatmap for  AR01ZGX1187B99C7B1 2 By Bukowski
No heatmap for  AR5K48U1187B9B3940 Hartfield
No heatmap for  ARU5K6O1187FB43B06 -M-
No heatmap for  ARX1K191187B992317 Run Stop Restore
No heatmap for  ARDWIBV1269FCD1216 Fokko Versloot
No heatmap for  ARB5UQO1187B9B0522 Kevin Over
No heatmap for  ARSLXAV1252CCFA566 Güzzernich-Orchester_ Wolfang Sawallisch_ George London_ Herbert Schachtschneider_ Zoltan Kelemen_ E
No heatmap for  ARTJSPC1187FB3C197 Dirty Danger
No heatmap for  ARJMYVY11F4C848427 Isadar
No heatmap for  ARLUTY81187FB42E92 Methodrone
No heatmap for  AROLXOQ11F4C84433C Donna Rhoden
No heatmap for  ARUAMW81187B9AE7A5 H.P. Lovecraft
No heatmap for  ARYFIWW1269FCD62CF The Carl Stalling Project Vol 2
No heatmap for  ARAARMZ1187B9B5305 Babies From Gong
No heatmap for  ARPXXCF122988F0846 The Trouble With Larry
No heatmap for  ARGIXE01187FB439FD Tõnis Mägi
No heatmap for  ARKLAMG11C8A42170A Banyan Tree
No heatmap for  ARU94WM1187B9A5641 DJ Friction & Nu Balance
No heatmap for  AREWFYF1269FCD23C7 Giora Feidman & Ensemble
No heatmap for  AR2XQQT1187B99E905 Forest City Joe
No heatmap for  ARHDVJS1269FB2719A Maethelvin
No heatmap for  ARN5FR71187B9A8EB9 Lumina
No heatmap for  ARK94HP1187FB4F804 Dj Sprinkles
No heatmap for  AROSIEV1272BA7FE63 The Chap vs. Vincent Oliver
No heatmap for  AR49KZV1187B9B5145 John Acquaviva
No heatmap for  AR1XKFW1187B9994D4 The Har-You Percussion Group
No heatmap for  ARZ52FH1187B9A50A6 Bask
No heatmap for  ARV4VSQ1187FB44F92 Barry Dransfield
No heatmap for  ARACNPB1271F573BAC Tom And Susan Wasinger
No heatmap for  ARSIQ0U119B8668CEE Tesseract
No heatmap for  ARLUDLW1269FCCE066 Puffy Areolas
No heatmap for  ARRAYIB12298900C90 Willy Northpole
No heatmap for  ARHMSVZ11F4C83BF12 Tara King Th
No heatmap for  AR25M7R1187B989309 Etienne de Crécy 
No heatmap for  ARACBIX1187FB39ACB Benjamin Fehr (aka Ffwd)
No heatmap for  ARYH5SL1187FB3D76B Dictaphone
No heatmap for  AR42C521187B9B22C3 Charlie Patton
No heatmap for  ARH79BN1187B9A33BA Theo Beckford's Group
No heatmap for  AREOHL31187B992C8A Lloyd's All Stars
No heatmap for  ARR1MP81187B9A7E65 DJ Phil Ty
No heatmap for  AR9VPYX1187FB4E184 Birgitte Grimstad
No heatmap for  AR60WRL1187FB3BD11 Carmen Piazzini
No heatmap for  ARZYZ3P1187B993001 Device
No heatmap for  ARGDUTG11F4C847063 Hungry March Band
No heatmap for  ARQTCMI12086C12BDA Chet Atkins & Jerry Reed
No heatmap for  AR3V53N1187B98ADF4 Kathy Linden
No heatmap for  AROPORE126A031DF09 Comadisco
No heatmap for  ARWDVFQ122BCFCAAEB Krazy
No heatmap for  ARZIGPV11F4C83B72A Eternals
No heatmap for  AR40BA31187B9AE27B Dettinger
No heatmap for  AR1ZAZP1187B992D4B Nicolás Guillén
No heatmap for  AR6C3NM1187B989CA7 Eileen Torres_ Trek Life
No heatmap for  ARWYOBJ1187FB3DB5C Ming & FS
No heatmap for  ARXU8YQ1187B999861 Kid Massive
No heatmap for  ARBSU5E1187B999F8F Sleeping Dogs Wake
No heatmap for  ARZEUZE12802FDFC25 Sheihk Abdel Rahman Al Sodais
No heatmap for  ARRQ1681187B9913C8 Hug
No heatmap for  ARKSWBC1187B995D93 Hanayo
No heatmap for  ART2QGU1187B9A352E Turtle Bay Country Club
No heatmap for  ARIGLCF11F4C83FE37 Ecstasy Of Saint Theresa
No heatmap for  ARZFBTB12509416B42 Sozonov & Lera
No heatmap for  ARBMIGF11F4C840633 Scifi
No heatmap for  ARUQ3YJ1187B9A83FD Sunlightsquare
No heatmap for  ARSNPTE1241B9CE998 Yenn & Refracture
No heatmap for  AR4YEQ71187FB49335 Osmo Vanska
No heatmap for  ARMWA621187B9AE801 Warlords of Pez
No heatmap for  ARPJFFV1250941388B Kandi Kids
No heatmap for  AROIWTQ11E2835C32B Sweet XX
No heatmap for  ARXBPB91187FB444F0 Mike Dearborn
No heatmap for  ARYSEMD12131B4B5B0 Nate Dogg/Dr. Dre
No heatmap for  AR3B8WZ1187B98A7F9 Cullera
No heatmap for  ARUKQSG122988FD028 Rockford Kabine
No heatmap for  ARGCOJO11F3462EBFF Incredible Bongo Band
No heatmap for  ARM11OZ1187B99072D Georges Guétary
No heatmap for  AR86CW41187FB3A1DF Herd & Fitz / Abigail Bailey
No heatmap for  AR1DR9I1187B989288 Leroy and The Drivers
No heatmap for  ARJSJ7P1187B9AE221 Alexis Taylor
No heatmap for  ARRFXYZ11F50C4FB5D New Mtiebi Ensemble
No heatmap for  ARQYB8N1187FB4AF59 Freakx Brothers
No heatmap for  ARALTAC11F4C8436ED Keek Dogg_ Konvict_ V-Dub_ Mr. Nacho
No heatmap for  ARAQAFD1241B9C8AF0 The Maui Men
No heatmap for  ARTZGR31187B993241 Russell Simmons
No heatmap for  ARAFZWW11F50C49971 DJ Zig Zag
No heatmap for  ARTVGSP11E2835E188 Armen Stepanyan
No heatmap for  ARYD7R51187B9A720D Steinmüller
No heatmap for  AR717LH1187B98FA15 Azucarado
No heatmap for  ARAPSEU11F50C4FC78 Collie Minott
No heatmap for  ARMEUN61187FB430CB Impatient Youth
No heatmap for  AREPMKV12086C1184E Nick Zero
No heatmap for  ARRHHRI1187B9A23B0 Jedi Knights
No heatmap for  ARO5LVL11C8A42B720 Clouded Leopard
No heatmap for  ARPY2AJ1187B9A1C52 Word A' Mouth
No heatmap for  ARYRQWG122ECCBD4B7 Bryce Kulak
No heatmap for  AR0TM6R1187B9A7D20 Regina Music Box
No heatmap for  ARW7Z1F1187FB56CA6 Adam Beyer & Joel Mull
No heatmap for  AR1UVVX1187FB5B229 Marketa Irglova
No heatmap for  ARQHKBR1241B9C553D King Junior XL
No heatmap for  ARRLH7L1187B9B50B0 Koppen
No heatmap for  ARFTCMP122988FFE75 Dimitri K
No heatmap for  ARRQDLF1269FCD1DA6 Jambassa
No heatmap for  ARZWKAP11E8AD054AB DJ Luck & MC Neat
No heatmap for  AR6GPBJ1187FB599EE Schola Cantorum Copenhagen
No heatmap for  AR1F3W51187B9A5E30 Rhoda Scott
No heatmap for  ARYZPVW1271F575C96 Francois Fournet_ Eric Gemsa
No heatmap for  ARCIRGH1187B99F201 Lance Fortune & The Firecrests
No heatmap for  AR74UBZ1187FB5A734 Jessica Lurie
No heatmap for  ARAYX1C1187B9AE7FD Toxic Bass
No heatmap for  ARMDCV21187B9B13AD George Bush
No heatmap for  AROKQWK11F50C4BEB9 Impact Allstars
No heatmap for  ARSHZUL1187B99F152 Remove
No heatmap for  ARZFVAL1242077FCE2 Gwendal
No heatmap for  ARYRXUD1187B9A3B9E King Horror
No heatmap for  AR5UGU21187FB42473 Tiombe Lockhart
No heatmap for  ARRRQCE1269FB36C1A Level O Mania
No heatmap for  ARK1NCW1187B9B6AB0 The Investigators
No heatmap for  ARDNNPW1187FB43DEE Tim Eriksen & Riley Baugus
No heatmap for  ARYLUYD11F4C8476D5 Men of Blackburn Cathedral Choir
