INFO: localdir at /scratch/145540.crottondi
INFO: your job will run on local system.
/home/crottondi/PIRISI_TESI/MSD_Environment/SBATCH_SCRIPTS/4_TO_PKLS
LOADING CHUNKS...
DONE
0  /  45
1  /  45
2  /  45
3  /  45
4  /  45
5  /  45
6  /  45
7  /  45
8  /  45
9  /  45
10  /  45
11  /  45
12  /  45
13  /  45
14  /  45
15  /  45
16  /  45
17  /  45
18  /  45
19  /  45
20  /  45
21  /  45
22  /  45
23  /  45
24  /  45
25  /  45
26  /  45
27  /  45
28  /  45
29  /  45
30  /  45
31  /  45
32  /  45
33  /  45
34  /  45
35  /  45
36  /  45
37  /  45
38  /  45
39  /  45
40  /  45
41  /  45
42  /  45
43  /  45
44  /  45
0  /  45
1  /  45
2  /  45
3  /  45
4  /  45
5  /  45
6  /  45
7  /  45
8  /  45
9  /  45
10  /  45
11  /  45
12  /  45
13  /  45
14  /  45
15  /  45
16  /  45
17  /  45
18  /  45
19  /  45
20  /  45
21  /  45
22  /  45
23  /  45
24  /  45
25  /  45
26  /  45
27  /  45
28  /  45
29  /  45
30  /  45
31  /  45
32  /  45
33  /  45
34  /  45
35  /  45
36  /  45
37  /  45
38  /  45
39  /  45
40  /  45
41  /  45
42  /  45
43  /  45
44  /  45
0  /  45
1  /  45
2  /  45
3  /  45
4  /  45
5  /  45
6  /  45
7  /  45
8  /  45
9  /  45
10  /  45
11  /  45
12  /  45
13  /  45
14  /  45
15  /  45
16  /  45
17  /  45
18  /  45
19  /  45
20  /  45
21  /  45
22  /  45
23  /  45
24  /  45
25  /  45
26  /  45
27  /  45
28  /  45
29  /  45
30  /  45
31  /  45
32  /  45
33  /  45
34  /  45
35  /  45
36  /  45
37  /  45
38  /  45
39  /  45
40  /  45
41  /  45
42  /  45
43  /  45
44  /  45
0  /  45
1  /  45
2  /  45
3  /  45
4  /  45
5  /  45
6  /  45
7  /  45
8  /  45
9  /  45
10  /  45
11  /  45
12  /  45
13  /  45
14  /  45
15  /  45
16  /  45
17  /  45
18  /  45
19  /  45
20  /  45
21  /  45
22  /  45
23  /  45
24  /  45
25  /  45
26  /  45
27  /  45
28  /  45
29  /  45
30  /  45
31  /  45
32  /  45
33  /  45
34  /  45
35  /  45
36  /  45
37  /  45
38  /  45
39  /  45
40  /  45
41  /  45
42  /  45
43  /  45
44  /  45
0  /  46
1  /  46
2  /  46
3  /  46
4  /  46
5  /  46
6  /  46
7  /  46
8  /  46
9  /  46
10  /  46
11  /  46
12  /  46
13  /  46
14  /  46
15  /  46
16  /  46
17  /  46
18  /  46
19  /  46
20  /  46
21  /  46
22  /  46
23  /  46
24  /  46
25  /  46
26  /  46
27  /  46
28  /  46
29  /  46
30  /  46
31  /  46
32  /  46
33  /  46
34  /  46
35  /  46
36  /  46
37  /  46
38  /  46
39  /  46
40  /  46
41  /  46
42  /  46
43  /  46
44  /  46
45  /  46
0  /  45
1  /  45
2  /  45
3  /  45
4  /  45
5  /  45
6  /  45
7  /  45
8  /  45
9  /  45
10  /  45
11  /  45
12  /  45
13  /  45
14  /  45
15  /  45
16  /  45
17  /  45
18  /  45
19  /  45
20  /  45
21  /  45
22  /  45
23  /  45
24  /  45
25  /  45
26  /  45
27  /  45
28  /  45
29  /  45
30  /  45
31  /  45
32  /  45
33  /  45
34  /  45
35  /  45
36  /  45
37  /  45
38  /  45
39  /  45
40  /  45
41  /  45
42  /  45
43  /  45
44  /  45
0  /  45
1  /  45
2  /  45
3  /  45
4  /  45
5  /  45
6  /  45
7  /  45
8  /  45
9  /  45
10  /  45
11  /  45
12  /  45
13  /  45
14  /  45
15  /  45
16  /  45
17  /  45
18  /  45
19  /  45
20  /  45
21  /  45
22  /  45
23  /  45
24  /  45
25  /  45
26  /  45
27  /  45
28  /  45
29  /  45
30  /  45
31  /  45
32  /  45
33  /  45
34  /  45
35  /  45
36  /  45
37  /  45
38  /  45
39  /  45
40  /  45
41  /  45
42  /  45
43  /  45
44  /  45
0  /  45
1  /  45
2  /  45
3  /  45
4  /  45
5  /  45
6  /  45
7  /  45
8  /  45
9  /  45
10  /  45
11  /  45
12  /  45
13  /  45
14  /  45
15  /  45
16  /  45
17  /  45
18  /  45
19  /  45
20  /  45
21  /  45
22  /  45
23  /  45
24  /  45
25  /  45
26  /  45
27  /  45
28  /  45
29  /  45
30  /  45
31  /  45
32  /  45
33  /  45
34  /  45
35  /  45
36  /  45
37  /  45
38  /  45
39  /  45
40  /  45
41  /  45
42  /  45
43  /  45
44  /  45
0  /  45
1  /  45
2  /  45
3  /  45
4  /  45
5  /  45
6  /  45
7  /  45
8  /  45
9  /  45
10  /  45
11  /  45
12  /  45
13  /  45
14  /  45
15  /  45
16  /  45
17  /  45
18  /  45
19  /  45
20  /  45
21  /  45
22  /  45
23  /  45
24  /  45
25  /  45
26  /  45
27  /  45
28  /  45
29  /  45
30  /  45
31  /  45
32  /  45
33  /  45
34  /  45
35  /  45
36  /  45
37  /  45
38  /  45
39  /  45
40  /  45
41  /  45
42  /  45
43  /  45
44  /  45
9755.164404153824
